Created by PLY version 3.11 (http://www.dabeaz.com/ply)

Unused terminals:

    ANNOTATION
    BOOLEAN_LITERAL
    CLASS
    DIFFERENTFROM
    DISJOINTWITH
    DOMAIN
    EQUIVALENTTO
    IMPORT
    INDIVIDUAL
    INSTANCE
    LPAREN
    MAIOR
    MAIORIGUAL
    MENOR
    MENORIGUAL
    NEW_DATATYPE
    ONTOLOGY
    PROPERTY
    RANGE
    RPAREN
    SAMEAS
    STRING
    SUBCLASSOF

Grammar

Rule 0     S' -> program
Rule 1     program -> package_declaration content_list
Rule 2     program -> package_declaration
Rule 3     package_declaration -> PACKAGE CLASS_NAME
Rule 4     package_declaration -> PACKAGE RELATION_NAME
Rule 5     content_list -> content_list content
Rule 6     content_list -> content
Rule 7     content -> class_declaration
Rule 8     content -> datatype_declaration
Rule 9     content -> enum_declaration
Rule 10    content -> genset_declaration
Rule 11    content -> relation_declaration
Rule 12    class_declaration -> EST_CLASS CLASS_NAME LBRACE class_body RBRACE
Rule 13    class_declaration -> EST_CLASS CLASS_NAME LBRACE RBRACE
Rule 14    class_declaration -> EST_CLASS CLASS_NAME SPECIALIZES CLASS_NAME
Rule 15    class_declaration -> EST_CLASS CLASS_NAME
Rule 16    class_body -> class_body_item
Rule 17    class_body -> class_body class_body_item
Rule 18    class_body_item -> attribute
Rule 19    class_body_item -> internal_relation
Rule 20    attribute -> RELATION_NAME COLON type
Rule 21    attribute -> RELATION_NAME COLON type metadata_block
Rule 22    attribute -> ID COLON type
Rule 23    attribute -> ID COLON type metadata_block
Rule 24    attribute -> NATIVE_NUMBER COLON type
Rule 25    attribute -> NATIVE_NUMBER COLON type metadata_block
Rule 26    type -> NATIVE_STRING
Rule 27    type -> NATIVE_NUMBER
Rule 28    type -> NATIVE_BOOLEAN
Rule 29    type -> NATIVE_DATE
Rule 30    type -> NATIVE_TIME
Rule 31    type -> NATIVE_DATETIME
Rule 32    type -> CLASS_NAME
Rule 33    type -> RELATION_NAME
Rule 34    type -> ID
Rule 35    metadata_block -> LBRACE metadata_list RBRACE
Rule 36    metadata_list -> metadata_item
Rule 37    metadata_list -> metadata_list metadata_item
Rule 38    metadata_item -> META_CONST
Rule 39    metadata_item -> META_ORDERED
Rule 40    metadata_item -> META_DERIVED
Rule 41    metadata_item -> META_SUBSETS
Rule 42    metadata_item -> META_REDEFINES
Rule 43    internal_relation -> ARROBA EST_REL cardinality relation_symbol cardinality CLASS_NAME
Rule 44    internal_relation -> EST_REL cardinality relation_symbol cardinality CLASS_NAME
Rule 45    datatype_declaration -> DATATYPE CLASS_NAME LBRACE attribute_list RBRACE
Rule 46    datatype_declaration -> DATATYPE CLASS_NAME LBRACE RBRACE
Rule 47    attribute_list -> attribute
Rule 48    attribute_list -> attribute_list attribute
Rule 49    enum_declaration -> ENUM CLASS_NAME LBRACE instance_list RBRACE
Rule 50    enum_declaration -> ENUM CLASS_NAME LBRACE RBRACE
Rule 51    instance_list -> CLASS_NAME
Rule 52    instance_list -> instance_list CLASS_NAME
Rule 53    genset_declaration -> modifiers GENSET CLASS_NAME WHERE class_list SPECIALIZES CLASS_NAME
Rule 54    genset_declaration -> GENSET CLASS_NAME WHERE class_list SPECIALIZES CLASS_NAME
Rule 55    genset_declaration -> GENSET CLASS_NAME LBRACE GENERAL CLASS_NAME SPECIFICS class_list RBRACE
Rule 56    genset_declaration -> modifiers GENSET CLASS_NAME LBRACE GENERAL CLASS_NAME SPECIFICS class_list RBRACE
Rule 57    modifiers -> DISJOINT COMPLETE
Rule 58    modifiers -> COMPLETE DISJOINT
Rule 59    modifiers -> DISJOINT
Rule 60    modifiers -> COMPLETE
Rule 61    class_list -> CLASS_NAME
Rule 62    class_list -> class_list COMMA CLASS_NAME
Rule 63    relation_declaration -> ARROBA EST_REL RELATION CLASS_NAME cardinality relation_symbol cardinality CLASS_NAME
Rule 64    relation_declaration -> RELATION CLASS_NAME cardinality relation_symbol cardinality CLASS_NAME
Rule 65    relation_declaration -> RELATION CLASS_NAME cardinality relation_symbol RELATION_NAME relation_symbol cardinality CLASS_NAME
Rule 66    relation_declaration -> CLASS_NAME cardinality relation_symbol RELATION_NAME relation_symbol cardinality CLASS_NAME
Rule 67    cardinality -> LBRACKET NUMBER DOT DOT ASTERISCO RBRACKET
Rule 68    cardinality -> LBRACKET NUMBER RBRACKET
Rule 69    cardinality -> LBRACKET NUMBER DOT DOT NUMBER RBRACKET
Rule 70    cardinality -> LBRACKET ASTERISCO RBRACKET
Rule 71    relation_symbol -> HYPHEN HYPHEN
Rule 72    relation_symbol -> CONTEM
Rule 73    relation_symbol -> CONTIDO

Terminals, with rules where they appear

ANNOTATION           : 
ARROBA               : 43 63
ASTERISCO            : 67 70
BOOLEAN_LITERAL      : 
CLASS                : 
CLASS_NAME           : 3 12 13 14 14 15 32 43 44 45 46 49 50 51 52 53 53 54 54 55 55 56 56 61 62 63 63 64 64 65 65 66 66
COLON                : 20 21 22 23 24 25
COMMA                : 62
COMPLETE             : 57 58 60
CONTEM               : 72
CONTIDO              : 73
DATATYPE             : 45 46
DIFFERENTFROM        : 
DISJOINT             : 57 58 59
DISJOINTWITH         : 
DOMAIN               : 
DOT                  : 67 67 69 69
ENUM                 : 49 50
EQUIVALENTTO         : 
EST_CLASS            : 12 13 14 15
EST_REL              : 43 44 63
GENERAL              : 55 56
GENSET               : 53 54 55 56
HYPHEN               : 71 71
ID                   : 22 23 34
IMPORT               : 
INDIVIDUAL           : 
INSTANCE             : 
LBRACE               : 12 13 35 45 46 49 50 55 56
LBRACKET             : 67 68 69 70
LPAREN               : 
MAIOR                : 
MAIORIGUAL           : 
MENOR                : 
MENORIGUAL           : 
META_CONST           : 38
META_DERIVED         : 40
META_ORDERED         : 39
META_REDEFINES       : 42
META_SUBSETS         : 41
NATIVE_BOOLEAN       : 28
NATIVE_DATE          : 29
NATIVE_DATETIME      : 31
NATIVE_NUMBER        : 24 25 27
NATIVE_STRING        : 26
NATIVE_TIME          : 30
NEW_DATATYPE         : 
NUMBER               : 67 68 69 69
ONTOLOGY             : 
PACKAGE              : 3 4
PROPERTY             : 
RANGE                : 
RBRACE               : 12 13 35 45 46 49 50 55 56
RBRACKET             : 67 68 69 70
RELATION             : 63 64 65
RELATION_NAME        : 4 20 21 33 65 66
RPAREN               : 
SAMEAS               : 
SPECIALIZES          : 14 53 54
SPECIFICS            : 55 56
STRING               : 
SUBCLASSOF           : 
WHERE                : 53 54
error                : 

Nonterminals, with rules where they appear

attribute            : 18 47 48
attribute_list       : 45 48
cardinality          : 43 43 44 44 63 63 64 64 65 65 66 66
class_body           : 12 17
class_body_item      : 16 17
class_declaration    : 7
class_list           : 53 54 55 56 62
content              : 5 6
content_list         : 1 5
datatype_declaration : 8
enum_declaration     : 9
genset_declaration   : 10
instance_list        : 49 52
internal_relation    : 19
metadata_block       : 21 23 25
metadata_item        : 36 37
metadata_list        : 35 37
modifiers            : 53 56
package_declaration  : 1 2
program              : 0
relation_declaration : 11
relation_symbol      : 43 44 63 64 65 65 66 66
type                 : 20 21 22 23 24 25

Parsing method: LALR

state 0

    (0) S' -> . program
    (1) program -> . package_declaration content_list
    (2) program -> . package_declaration
    (3) package_declaration -> . PACKAGE CLASS_NAME
    (4) package_declaration -> . PACKAGE RELATION_NAME

    PACKAGE         shift and go to state 3

    program                        shift and go to state 1
    package_declaration            shift and go to state 2

state 1

    (0) S' -> program .



state 2

    (1) program -> package_declaration . content_list
    (2) program -> package_declaration .
    (5) content_list -> . content_list content
    (6) content_list -> . content
    (7) content -> . class_declaration
    (8) content -> . datatype_declaration
    (9) content -> . enum_declaration
    (10) content -> . genset_declaration
    (11) content -> . relation_declaration
    (12) class_declaration -> . EST_CLASS CLASS_NAME LBRACE class_body RBRACE
    (13) class_declaration -> . EST_CLASS CLASS_NAME LBRACE RBRACE
    (14) class_declaration -> . EST_CLASS CLASS_NAME SPECIALIZES CLASS_NAME
    (15) class_declaration -> . EST_CLASS CLASS_NAME
    (45) datatype_declaration -> . DATATYPE CLASS_NAME LBRACE attribute_list RBRACE
    (46) datatype_declaration -> . DATATYPE CLASS_NAME LBRACE RBRACE
    (49) enum_declaration -> . ENUM CLASS_NAME LBRACE instance_list RBRACE
    (50) enum_declaration -> . ENUM CLASS_NAME LBRACE RBRACE
    (53) genset_declaration -> . modifiers GENSET CLASS_NAME WHERE class_list SPECIALIZES CLASS_NAME
    (54) genset_declaration -> . GENSET CLASS_NAME WHERE class_list SPECIALIZES CLASS_NAME
    (55) genset_declaration -> . GENSET CLASS_NAME LBRACE GENERAL CLASS_NAME SPECIFICS class_list RBRACE
    (56) genset_declaration -> . modifiers GENSET CLASS_NAME LBRACE GENERAL CLASS_NAME SPECIFICS class_list RBRACE
    (63) relation_declaration -> . ARROBA EST_REL RELATION CLASS_NAME cardinality relation_symbol cardinality CLASS_NAME
    (64) relation_declaration -> . RELATION CLASS_NAME cardinality relation_symbol cardinality CLASS_NAME
    (65) relation_declaration -> . RELATION CLASS_NAME cardinality relation_symbol RELATION_NAME relation_symbol cardinality CLASS_NAME
    (66) relation_declaration -> . CLASS_NAME cardinality relation_symbol RELATION_NAME relation_symbol cardinality CLASS_NAME
    (57) modifiers -> . DISJOINT COMPLETE
    (58) modifiers -> . COMPLETE DISJOINT
    (59) modifiers -> . DISJOINT
    (60) modifiers -> . COMPLETE

    $end            reduce using rule 2 (program -> package_declaration .)
    EST_CLASS       shift and go to state 11
    DATATYPE        shift and go to state 13
    ENUM            shift and go to state 14
    GENSET          shift and go to state 16
    ARROBA          shift and go to state 17
    RELATION        shift and go to state 18
    CLASS_NAME      shift and go to state 12
    DISJOINT        shift and go to state 19
    COMPLETE        shift and go to state 20

    content_list                   shift and go to state 4
    content                        shift and go to state 5
    class_declaration              shift and go to state 6
    datatype_declaration           shift and go to state 7
    enum_declaration               shift and go to state 8
    genset_declaration             shift and go to state 9
    relation_declaration           shift and go to state 10
    modifiers                      shift and go to state 15

state 3

    (3) package_declaration -> PACKAGE . CLASS_NAME
    (4) package_declaration -> PACKAGE . RELATION_NAME

    CLASS_NAME      shift and go to state 21
    RELATION_NAME   shift and go to state 22


state 4

    (1) program -> package_declaration content_list .
    (5) content_list -> content_list . content
    (7) content -> . class_declaration
    (8) content -> . datatype_declaration
    (9) content -> . enum_declaration
    (10) content -> . genset_declaration
    (11) content -> . relation_declaration
    (12) class_declaration -> . EST_CLASS CLASS_NAME LBRACE class_body RBRACE
    (13) class_declaration -> . EST_CLASS CLASS_NAME LBRACE RBRACE
    (14) class_declaration -> . EST_CLASS CLASS_NAME SPECIALIZES CLASS_NAME
    (15) class_declaration -> . EST_CLASS CLASS_NAME
    (45) datatype_declaration -> . DATATYPE CLASS_NAME LBRACE attribute_list RBRACE
    (46) datatype_declaration -> . DATATYPE CLASS_NAME LBRACE RBRACE
    (49) enum_declaration -> . ENUM CLASS_NAME LBRACE instance_list RBRACE
    (50) enum_declaration -> . ENUM CLASS_NAME LBRACE RBRACE
    (53) genset_declaration -> . modifiers GENSET CLASS_NAME WHERE class_list SPECIALIZES CLASS_NAME
    (54) genset_declaration -> . GENSET CLASS_NAME WHERE class_list SPECIALIZES CLASS_NAME
    (55) genset_declaration -> . GENSET CLASS_NAME LBRACE GENERAL CLASS_NAME SPECIFICS class_list RBRACE
    (56) genset_declaration -> . modifiers GENSET CLASS_NAME LBRACE GENERAL CLASS_NAME SPECIFICS class_list RBRACE
    (63) relation_declaration -> . ARROBA EST_REL RELATION CLASS_NAME cardinality relation_symbol cardinality CLASS_NAME
    (64) relation_declaration -> . RELATION CLASS_NAME cardinality relation_symbol cardinality CLASS_NAME
    (65) relation_declaration -> . RELATION CLASS_NAME cardinality relation_symbol RELATION_NAME relation_symbol cardinality CLASS_NAME
    (66) relation_declaration -> . CLASS_NAME cardinality relation_symbol RELATION_NAME relation_symbol cardinality CLASS_NAME
    (57) modifiers -> . DISJOINT COMPLETE
    (58) modifiers -> . COMPLETE DISJOINT
    (59) modifiers -> . DISJOINT
    (60) modifiers -> . COMPLETE

    $end            reduce using rule 1 (program -> package_declaration content_list .)
    EST_CLASS       shift and go to state 11
    DATATYPE        shift and go to state 13
    ENUM            shift and go to state 14
    GENSET          shift and go to state 16
    ARROBA          shift and go to state 17
    RELATION        shift and go to state 18
    CLASS_NAME      shift and go to state 12
    DISJOINT        shift and go to state 19
    COMPLETE        shift and go to state 20

    content                        shift and go to state 23
    class_declaration              shift and go to state 6
    datatype_declaration           shift and go to state 7
    enum_declaration               shift and go to state 8
    genset_declaration             shift and go to state 9
    relation_declaration           shift and go to state 10
    modifiers                      shift and go to state 15

state 5

    (6) content_list -> content .

    EST_CLASS       reduce using rule 6 (content_list -> content .)
    DATATYPE        reduce using rule 6 (content_list -> content .)
    ENUM            reduce using rule 6 (content_list -> content .)
    GENSET          reduce using rule 6 (content_list -> content .)
    ARROBA          reduce using rule 6 (content_list -> content .)
    RELATION        reduce using rule 6 (content_list -> content .)
    CLASS_NAME      reduce using rule 6 (content_list -> content .)
    DISJOINT        reduce using rule 6 (content_list -> content .)
    COMPLETE        reduce using rule 6 (content_list -> content .)
    $end            reduce using rule 6 (content_list -> content .)


state 6

    (7) content -> class_declaration .

    EST_CLASS       reduce using rule 7 (content -> class_declaration .)
    DATATYPE        reduce using rule 7 (content -> class_declaration .)
    ENUM            reduce using rule 7 (content -> class_declaration .)
    GENSET          reduce using rule 7 (content -> class_declaration .)
    ARROBA          reduce using rule 7 (content -> class_declaration .)
    RELATION        reduce using rule 7 (content -> class_declaration .)
    CLASS_NAME      reduce using rule 7 (content -> class_declaration .)
    DISJOINT        reduce using rule 7 (content -> class_declaration .)
    COMPLETE        reduce using rule 7 (content -> class_declaration .)
    $end            reduce using rule 7 (content -> class_declaration .)


state 7

    (8) content -> datatype_declaration .

    EST_CLASS       reduce using rule 8 (content -> datatype_declaration .)
    DATATYPE        reduce using rule 8 (content -> datatype_declaration .)
    ENUM            reduce using rule 8 (content -> datatype_declaration .)
    GENSET          reduce using rule 8 (content -> datatype_declaration .)
    ARROBA          reduce using rule 8 (content -> datatype_declaration .)
    RELATION        reduce using rule 8 (content -> datatype_declaration .)
    CLASS_NAME      reduce using rule 8 (content -> datatype_declaration .)
    DISJOINT        reduce using rule 8 (content -> datatype_declaration .)
    COMPLETE        reduce using rule 8 (content -> datatype_declaration .)
    $end            reduce using rule 8 (content -> datatype_declaration .)


state 8

    (9) content -> enum_declaration .

    EST_CLASS       reduce using rule 9 (content -> enum_declaration .)
    DATATYPE        reduce using rule 9 (content -> enum_declaration .)
    ENUM            reduce using rule 9 (content -> enum_declaration .)
    GENSET          reduce using rule 9 (content -> enum_declaration .)
    ARROBA          reduce using rule 9 (content -> enum_declaration .)
    RELATION        reduce using rule 9 (content -> enum_declaration .)
    CLASS_NAME      reduce using rule 9 (content -> enum_declaration .)
    DISJOINT        reduce using rule 9 (content -> enum_declaration .)
    COMPLETE        reduce using rule 9 (content -> enum_declaration .)
    $end            reduce using rule 9 (content -> enum_declaration .)


state 9

    (10) content -> genset_declaration .

    EST_CLASS       reduce using rule 10 (content -> genset_declaration .)
    DATATYPE        reduce using rule 10 (content -> genset_declaration .)
    ENUM            reduce using rule 10 (content -> genset_declaration .)
    GENSET          reduce using rule 10 (content -> genset_declaration .)
    ARROBA          reduce using rule 10 (content -> genset_declaration .)
    RELATION        reduce using rule 10 (content -> genset_declaration .)
    CLASS_NAME      reduce using rule 10 (content -> genset_declaration .)
    DISJOINT        reduce using rule 10 (content -> genset_declaration .)
    COMPLETE        reduce using rule 10 (content -> genset_declaration .)
    $end            reduce using rule 10 (content -> genset_declaration .)


state 10

    (11) content -> relation_declaration .

    EST_CLASS       reduce using rule 11 (content -> relation_declaration .)
    DATATYPE        reduce using rule 11 (content -> relation_declaration .)
    ENUM            reduce using rule 11 (content -> relation_declaration .)
    GENSET          reduce using rule 11 (content -> relation_declaration .)
    ARROBA          reduce using rule 11 (content -> relation_declaration .)
    RELATION        reduce using rule 11 (content -> relation_declaration .)
    CLASS_NAME      reduce using rule 11 (content -> relation_declaration .)
    DISJOINT        reduce using rule 11 (content -> relation_declaration .)
    COMPLETE        reduce using rule 11 (content -> relation_declaration .)
    $end            reduce using rule 11 (content -> relation_declaration .)


state 11

    (12) class_declaration -> EST_CLASS . CLASS_NAME LBRACE class_body RBRACE
    (13) class_declaration -> EST_CLASS . CLASS_NAME LBRACE RBRACE
    (14) class_declaration -> EST_CLASS . CLASS_NAME SPECIALIZES CLASS_NAME
    (15) class_declaration -> EST_CLASS . CLASS_NAME

    CLASS_NAME      shift and go to state 24


state 12

    (66) relation_declaration -> CLASS_NAME . cardinality relation_symbol RELATION_NAME relation_symbol cardinality CLASS_NAME
    (67) cardinality -> . LBRACKET NUMBER DOT DOT ASTERISCO RBRACKET
    (68) cardinality -> . LBRACKET NUMBER RBRACKET
    (69) cardinality -> . LBRACKET NUMBER DOT DOT NUMBER RBRACKET
    (70) cardinality -> . LBRACKET ASTERISCO RBRACKET

    LBRACKET        shift and go to state 26

    cardinality                    shift and go to state 25

state 13

    (45) datatype_declaration -> DATATYPE . CLASS_NAME LBRACE attribute_list RBRACE
    (46) datatype_declaration -> DATATYPE . CLASS_NAME LBRACE RBRACE

    CLASS_NAME      shift and go to state 27


state 14

    (49) enum_declaration -> ENUM . CLASS_NAME LBRACE instance_list RBRACE
    (50) enum_declaration -> ENUM . CLASS_NAME LBRACE RBRACE

    CLASS_NAME      shift and go to state 28


state 15

    (53) genset_declaration -> modifiers . GENSET CLASS_NAME WHERE class_list SPECIALIZES CLASS_NAME
    (56) genset_declaration -> modifiers . GENSET CLASS_NAME LBRACE GENERAL CLASS_NAME SPECIFICS class_list RBRACE

    GENSET          shift and go to state 29


state 16

    (54) genset_declaration -> GENSET . CLASS_NAME WHERE class_list SPECIALIZES CLASS_NAME
    (55) genset_declaration -> GENSET . CLASS_NAME LBRACE GENERAL CLASS_NAME SPECIFICS class_list RBRACE

    CLASS_NAME      shift and go to state 30


state 17

    (63) relation_declaration -> ARROBA . EST_REL RELATION CLASS_NAME cardinality relation_symbol cardinality CLASS_NAME

    EST_REL         shift and go to state 31


state 18

    (64) relation_declaration -> RELATION . CLASS_NAME cardinality relation_symbol cardinality CLASS_NAME
    (65) relation_declaration -> RELATION . CLASS_NAME cardinality relation_symbol RELATION_NAME relation_symbol cardinality CLASS_NAME

    CLASS_NAME      shift and go to state 32


state 19

    (57) modifiers -> DISJOINT . COMPLETE
    (59) modifiers -> DISJOINT .

    COMPLETE        shift and go to state 33
    GENSET          reduce using rule 59 (modifiers -> DISJOINT .)


state 20

    (58) modifiers -> COMPLETE . DISJOINT
    (60) modifiers -> COMPLETE .

    DISJOINT        shift and go to state 34
    GENSET          reduce using rule 60 (modifiers -> COMPLETE .)


state 21

    (3) package_declaration -> PACKAGE CLASS_NAME .

    EST_CLASS       reduce using rule 3 (package_declaration -> PACKAGE CLASS_NAME .)
    DATATYPE        reduce using rule 3 (package_declaration -> PACKAGE CLASS_NAME .)
    ENUM            reduce using rule 3 (package_declaration -> PACKAGE CLASS_NAME .)
    GENSET          reduce using rule 3 (package_declaration -> PACKAGE CLASS_NAME .)
    ARROBA          reduce using rule 3 (package_declaration -> PACKAGE CLASS_NAME .)
    RELATION        reduce using rule 3 (package_declaration -> PACKAGE CLASS_NAME .)
    CLASS_NAME      reduce using rule 3 (package_declaration -> PACKAGE CLASS_NAME .)
    DISJOINT        reduce using rule 3 (package_declaration -> PACKAGE CLASS_NAME .)
    COMPLETE        reduce using rule 3 (package_declaration -> PACKAGE CLASS_NAME .)
    $end            reduce using rule 3 (package_declaration -> PACKAGE CLASS_NAME .)


state 22

    (4) package_declaration -> PACKAGE RELATION_NAME .

    EST_CLASS       reduce using rule 4 (package_declaration -> PACKAGE RELATION_NAME .)
    DATATYPE        reduce using rule 4 (package_declaration -> PACKAGE RELATION_NAME .)
    ENUM            reduce using rule 4 (package_declaration -> PACKAGE RELATION_NAME .)
    GENSET          reduce using rule 4 (package_declaration -> PACKAGE RELATION_NAME .)
    ARROBA          reduce using rule 4 (package_declaration -> PACKAGE RELATION_NAME .)
    RELATION        reduce using rule 4 (package_declaration -> PACKAGE RELATION_NAME .)
    CLASS_NAME      reduce using rule 4 (package_declaration -> PACKAGE RELATION_NAME .)
    DISJOINT        reduce using rule 4 (package_declaration -> PACKAGE RELATION_NAME .)
    COMPLETE        reduce using rule 4 (package_declaration -> PACKAGE RELATION_NAME .)
    $end            reduce using rule 4 (package_declaration -> PACKAGE RELATION_NAME .)


state 23

    (5) content_list -> content_list content .

    EST_CLASS       reduce using rule 5 (content_list -> content_list content .)
    DATATYPE        reduce using rule 5 (content_list -> content_list content .)
    ENUM            reduce using rule 5 (content_list -> content_list content .)
    GENSET          reduce using rule 5 (content_list -> content_list content .)
    ARROBA          reduce using rule 5 (content_list -> content_list content .)
    RELATION        reduce using rule 5 (content_list -> content_list content .)
    CLASS_NAME      reduce using rule 5 (content_list -> content_list content .)
    DISJOINT        reduce using rule 5 (content_list -> content_list content .)
    COMPLETE        reduce using rule 5 (content_list -> content_list content .)
    $end            reduce using rule 5 (content_list -> content_list content .)


state 24

    (12) class_declaration -> EST_CLASS CLASS_NAME . LBRACE class_body RBRACE
    (13) class_declaration -> EST_CLASS CLASS_NAME . LBRACE RBRACE
    (14) class_declaration -> EST_CLASS CLASS_NAME . SPECIALIZES CLASS_NAME
    (15) class_declaration -> EST_CLASS CLASS_NAME .

    LBRACE          shift and go to state 35
    SPECIALIZES     shift and go to state 36
    EST_CLASS       reduce using rule 15 (class_declaration -> EST_CLASS CLASS_NAME .)
    DATATYPE        reduce using rule 15 (class_declaration -> EST_CLASS CLASS_NAME .)
    ENUM            reduce using rule 15 (class_declaration -> EST_CLASS CLASS_NAME .)
    GENSET          reduce using rule 15 (class_declaration -> EST_CLASS CLASS_NAME .)
    ARROBA          reduce using rule 15 (class_declaration -> EST_CLASS CLASS_NAME .)
    RELATION        reduce using rule 15 (class_declaration -> EST_CLASS CLASS_NAME .)
    CLASS_NAME      reduce using rule 15 (class_declaration -> EST_CLASS CLASS_NAME .)
    DISJOINT        reduce using rule 15 (class_declaration -> EST_CLASS CLASS_NAME .)
    COMPLETE        reduce using rule 15 (class_declaration -> EST_CLASS CLASS_NAME .)
    $end            reduce using rule 15 (class_declaration -> EST_CLASS CLASS_NAME .)


state 25

    (66) relation_declaration -> CLASS_NAME cardinality . relation_symbol RELATION_NAME relation_symbol cardinality CLASS_NAME
    (71) relation_symbol -> . HYPHEN HYPHEN
    (72) relation_symbol -> . CONTEM
    (73) relation_symbol -> . CONTIDO

    HYPHEN          shift and go to state 38
    CONTEM          shift and go to state 39
    CONTIDO         shift and go to state 40

    relation_symbol                shift and go to state 37

state 26

    (67) cardinality -> LBRACKET . NUMBER DOT DOT ASTERISCO RBRACKET
    (68) cardinality -> LBRACKET . NUMBER RBRACKET
    (69) cardinality -> LBRACKET . NUMBER DOT DOT NUMBER RBRACKET
    (70) cardinality -> LBRACKET . ASTERISCO RBRACKET

    NUMBER          shift and go to state 41
    ASTERISCO       shift and go to state 42


state 27

    (45) datatype_declaration -> DATATYPE CLASS_NAME . LBRACE attribute_list RBRACE
    (46) datatype_declaration -> DATATYPE CLASS_NAME . LBRACE RBRACE

    LBRACE          shift and go to state 43


state 28

    (49) enum_declaration -> ENUM CLASS_NAME . LBRACE instance_list RBRACE
    (50) enum_declaration -> ENUM CLASS_NAME . LBRACE RBRACE

    LBRACE          shift and go to state 44


state 29

    (53) genset_declaration -> modifiers GENSET . CLASS_NAME WHERE class_list SPECIALIZES CLASS_NAME
    (56) genset_declaration -> modifiers GENSET . CLASS_NAME LBRACE GENERAL CLASS_NAME SPECIFICS class_list RBRACE

    CLASS_NAME      shift and go to state 45


state 30

    (54) genset_declaration -> GENSET CLASS_NAME . WHERE class_list SPECIALIZES CLASS_NAME
    (55) genset_declaration -> GENSET CLASS_NAME . LBRACE GENERAL CLASS_NAME SPECIFICS class_list RBRACE

    WHERE           shift and go to state 46
    LBRACE          shift and go to state 47


state 31

    (63) relation_declaration -> ARROBA EST_REL . RELATION CLASS_NAME cardinality relation_symbol cardinality CLASS_NAME

    RELATION        shift and go to state 48


state 32

    (64) relation_declaration -> RELATION CLASS_NAME . cardinality relation_symbol cardinality CLASS_NAME
    (65) relation_declaration -> RELATION CLASS_NAME . cardinality relation_symbol RELATION_NAME relation_symbol cardinality CLASS_NAME
    (67) cardinality -> . LBRACKET NUMBER DOT DOT ASTERISCO RBRACKET
    (68) cardinality -> . LBRACKET NUMBER RBRACKET
    (69) cardinality -> . LBRACKET NUMBER DOT DOT NUMBER RBRACKET
    (70) cardinality -> . LBRACKET ASTERISCO RBRACKET

    LBRACKET        shift and go to state 26

    cardinality                    shift and go to state 49

state 33

    (57) modifiers -> DISJOINT COMPLETE .

    GENSET          reduce using rule 57 (modifiers -> DISJOINT COMPLETE .)


state 34

    (58) modifiers -> COMPLETE DISJOINT .

    GENSET          reduce using rule 58 (modifiers -> COMPLETE DISJOINT .)


state 35

    (12) class_declaration -> EST_CLASS CLASS_NAME LBRACE . class_body RBRACE
    (13) class_declaration -> EST_CLASS CLASS_NAME LBRACE . RBRACE
    (16) class_body -> . class_body_item
    (17) class_body -> . class_body class_body_item
    (18) class_body_item -> . attribute
    (19) class_body_item -> . internal_relation
    (20) attribute -> . RELATION_NAME COLON type
    (21) attribute -> . RELATION_NAME COLON type metadata_block
    (22) attribute -> . ID COLON type
    (23) attribute -> . ID COLON type metadata_block
    (24) attribute -> . NATIVE_NUMBER COLON type
    (25) attribute -> . NATIVE_NUMBER COLON type metadata_block
    (43) internal_relation -> . ARROBA EST_REL cardinality relation_symbol cardinality CLASS_NAME
    (44) internal_relation -> . EST_REL cardinality relation_symbol cardinality CLASS_NAME

    RBRACE          shift and go to state 51
    RELATION_NAME   shift and go to state 55
    ID              shift and go to state 56
    NATIVE_NUMBER   shift and go to state 57
    ARROBA          shift and go to state 58
    EST_REL         shift and go to state 59

    class_body                     shift and go to state 50
    class_body_item                shift and go to state 52
    attribute                      shift and go to state 53
    internal_relation              shift and go to state 54

state 36

    (14) class_declaration -> EST_CLASS CLASS_NAME SPECIALIZES . CLASS_NAME

    CLASS_NAME      shift and go to state 60


state 37

    (66) relation_declaration -> CLASS_NAME cardinality relation_symbol . RELATION_NAME relation_symbol cardinality CLASS_NAME

    RELATION_NAME   shift and go to state 61


state 38

    (71) relation_symbol -> HYPHEN . HYPHEN

    HYPHEN          shift and go to state 62


state 39

    (72) relation_symbol -> CONTEM .

    RELATION_NAME   reduce using rule 72 (relation_symbol -> CONTEM .)
    LBRACKET        reduce using rule 72 (relation_symbol -> CONTEM .)


state 40

    (73) relation_symbol -> CONTIDO .

    RELATION_NAME   reduce using rule 73 (relation_symbol -> CONTIDO .)
    LBRACKET        reduce using rule 73 (relation_symbol -> CONTIDO .)


state 41

    (67) cardinality -> LBRACKET NUMBER . DOT DOT ASTERISCO RBRACKET
    (68) cardinality -> LBRACKET NUMBER . RBRACKET
    (69) cardinality -> LBRACKET NUMBER . DOT DOT NUMBER RBRACKET

    DOT             shift and go to state 63
    RBRACKET        shift and go to state 64


state 42

    (70) cardinality -> LBRACKET ASTERISCO . RBRACKET

    RBRACKET        shift and go to state 65


state 43

    (45) datatype_declaration -> DATATYPE CLASS_NAME LBRACE . attribute_list RBRACE
    (46) datatype_declaration -> DATATYPE CLASS_NAME LBRACE . RBRACE
    (47) attribute_list -> . attribute
    (48) attribute_list -> . attribute_list attribute
    (20) attribute -> . RELATION_NAME COLON type
    (21) attribute -> . RELATION_NAME COLON type metadata_block
    (22) attribute -> . ID COLON type
    (23) attribute -> . ID COLON type metadata_block
    (24) attribute -> . NATIVE_NUMBER COLON type
    (25) attribute -> . NATIVE_NUMBER COLON type metadata_block

    RBRACE          shift and go to state 67
    RELATION_NAME   shift and go to state 55
    ID              shift and go to state 56
    NATIVE_NUMBER   shift and go to state 57

    attribute_list                 shift and go to state 66
    attribute                      shift and go to state 68

state 44

    (49) enum_declaration -> ENUM CLASS_NAME LBRACE . instance_list RBRACE
    (50) enum_declaration -> ENUM CLASS_NAME LBRACE . RBRACE
    (51) instance_list -> . CLASS_NAME
    (52) instance_list -> . instance_list CLASS_NAME

    RBRACE          shift and go to state 71
    CLASS_NAME      shift and go to state 69

    instance_list                  shift and go to state 70

state 45

    (53) genset_declaration -> modifiers GENSET CLASS_NAME . WHERE class_list SPECIALIZES CLASS_NAME
    (56) genset_declaration -> modifiers GENSET CLASS_NAME . LBRACE GENERAL CLASS_NAME SPECIFICS class_list RBRACE

    WHERE           shift and go to state 72
    LBRACE          shift and go to state 73


state 46

    (54) genset_declaration -> GENSET CLASS_NAME WHERE . class_list SPECIALIZES CLASS_NAME
    (61) class_list -> . CLASS_NAME
    (62) class_list -> . class_list COMMA CLASS_NAME

    CLASS_NAME      shift and go to state 74

    class_list                     shift and go to state 75

state 47

    (55) genset_declaration -> GENSET CLASS_NAME LBRACE . GENERAL CLASS_NAME SPECIFICS class_list RBRACE

    GENERAL         shift and go to state 76


state 48

    (63) relation_declaration -> ARROBA EST_REL RELATION . CLASS_NAME cardinality relation_symbol cardinality CLASS_NAME

    CLASS_NAME      shift and go to state 77


state 49

    (64) relation_declaration -> RELATION CLASS_NAME cardinality . relation_symbol cardinality CLASS_NAME
    (65) relation_declaration -> RELATION CLASS_NAME cardinality . relation_symbol RELATION_NAME relation_symbol cardinality CLASS_NAME
    (71) relation_symbol -> . HYPHEN HYPHEN
    (72) relation_symbol -> . CONTEM
    (73) relation_symbol -> . CONTIDO

    HYPHEN          shift and go to state 38
    CONTEM          shift and go to state 39
    CONTIDO         shift and go to state 40

    relation_symbol                shift and go to state 78

state 50

    (12) class_declaration -> EST_CLASS CLASS_NAME LBRACE class_body . RBRACE
    (17) class_body -> class_body . class_body_item
    (18) class_body_item -> . attribute
    (19) class_body_item -> . internal_relation
    (20) attribute -> . RELATION_NAME COLON type
    (21) attribute -> . RELATION_NAME COLON type metadata_block
    (22) attribute -> . ID COLON type
    (23) attribute -> . ID COLON type metadata_block
    (24) attribute -> . NATIVE_NUMBER COLON type
    (25) attribute -> . NATIVE_NUMBER COLON type metadata_block
    (43) internal_relation -> . ARROBA EST_REL cardinality relation_symbol cardinality CLASS_NAME
    (44) internal_relation -> . EST_REL cardinality relation_symbol cardinality CLASS_NAME

    RBRACE          shift and go to state 79
    RELATION_NAME   shift and go to state 55
    ID              shift and go to state 56
    NATIVE_NUMBER   shift and go to state 57
    ARROBA          shift and go to state 58
    EST_REL         shift and go to state 59

    class_body_item                shift and go to state 80
    attribute                      shift and go to state 53
    internal_relation              shift and go to state 54

state 51

    (13) class_declaration -> EST_CLASS CLASS_NAME LBRACE RBRACE .

    EST_CLASS       reduce using rule 13 (class_declaration -> EST_CLASS CLASS_NAME LBRACE RBRACE .)
    DATATYPE        reduce using rule 13 (class_declaration -> EST_CLASS CLASS_NAME LBRACE RBRACE .)
    ENUM            reduce using rule 13 (class_declaration -> EST_CLASS CLASS_NAME LBRACE RBRACE .)
    GENSET          reduce using rule 13 (class_declaration -> EST_CLASS CLASS_NAME LBRACE RBRACE .)
    ARROBA          reduce using rule 13 (class_declaration -> EST_CLASS CLASS_NAME LBRACE RBRACE .)
    RELATION        reduce using rule 13 (class_declaration -> EST_CLASS CLASS_NAME LBRACE RBRACE .)
    CLASS_NAME      reduce using rule 13 (class_declaration -> EST_CLASS CLASS_NAME LBRACE RBRACE .)
    DISJOINT        reduce using rule 13 (class_declaration -> EST_CLASS CLASS_NAME LBRACE RBRACE .)
    COMPLETE        reduce using rule 13 (class_declaration -> EST_CLASS CLASS_NAME LBRACE RBRACE .)
    $end            reduce using rule 13 (class_declaration -> EST_CLASS CLASS_NAME LBRACE RBRACE .)


state 52

    (16) class_body -> class_body_item .

    RBRACE          reduce using rule 16 (class_body -> class_body_item .)
    RELATION_NAME   reduce using rule 16 (class_body -> class_body_item .)
    ID              reduce using rule 16 (class_body -> class_body_item .)
    NATIVE_NUMBER   reduce using rule 16 (class_body -> class_body_item .)
    ARROBA          reduce using rule 16 (class_body -> class_body_item .)
    EST_REL         reduce using rule 16 (class_body -> class_body_item .)


state 53

    (18) class_body_item -> attribute .

    RBRACE          reduce using rule 18 (class_body_item -> attribute .)
    RELATION_NAME   reduce using rule 18 (class_body_item -> attribute .)
    ID              reduce using rule 18 (class_body_item -> attribute .)
    NATIVE_NUMBER   reduce using rule 18 (class_body_item -> attribute .)
    ARROBA          reduce using rule 18 (class_body_item -> attribute .)
    EST_REL         reduce using rule 18 (class_body_item -> attribute .)


state 54

    (19) class_body_item -> internal_relation .

    RBRACE          reduce using rule 19 (class_body_item -> internal_relation .)
    RELATION_NAME   reduce using rule 19 (class_body_item -> internal_relation .)
    ID              reduce using rule 19 (class_body_item -> internal_relation .)
    NATIVE_NUMBER   reduce using rule 19 (class_body_item -> internal_relation .)
    ARROBA          reduce using rule 19 (class_body_item -> internal_relation .)
    EST_REL         reduce using rule 19 (class_body_item -> internal_relation .)


state 55

    (20) attribute -> RELATION_NAME . COLON type
    (21) attribute -> RELATION_NAME . COLON type metadata_block

    COLON           shift and go to state 81


state 56

    (22) attribute -> ID . COLON type
    (23) attribute -> ID . COLON type metadata_block

    COLON           shift and go to state 82


state 57

    (24) attribute -> NATIVE_NUMBER . COLON type
    (25) attribute -> NATIVE_NUMBER . COLON type metadata_block

    COLON           shift and go to state 83


state 58

    (43) internal_relation -> ARROBA . EST_REL cardinality relation_symbol cardinality CLASS_NAME

    EST_REL         shift and go to state 84


state 59

    (44) internal_relation -> EST_REL . cardinality relation_symbol cardinality CLASS_NAME
    (67) cardinality -> . LBRACKET NUMBER DOT DOT ASTERISCO RBRACKET
    (68) cardinality -> . LBRACKET NUMBER RBRACKET
    (69) cardinality -> . LBRACKET NUMBER DOT DOT NUMBER RBRACKET
    (70) cardinality -> . LBRACKET ASTERISCO RBRACKET

    LBRACKET        shift and go to state 26

    cardinality                    shift and go to state 85

state 60

    (14) class_declaration -> EST_CLASS CLASS_NAME SPECIALIZES CLASS_NAME .

    EST_CLASS       reduce using rule 14 (class_declaration -> EST_CLASS CLASS_NAME SPECIALIZES CLASS_NAME .)
    DATATYPE        reduce using rule 14 (class_declaration -> EST_CLASS CLASS_NAME SPECIALIZES CLASS_NAME .)
    ENUM            reduce using rule 14 (class_declaration -> EST_CLASS CLASS_NAME SPECIALIZES CLASS_NAME .)
    GENSET          reduce using rule 14 (class_declaration -> EST_CLASS CLASS_NAME SPECIALIZES CLASS_NAME .)
    ARROBA          reduce using rule 14 (class_declaration -> EST_CLASS CLASS_NAME SPECIALIZES CLASS_NAME .)
    RELATION        reduce using rule 14 (class_declaration -> EST_CLASS CLASS_NAME SPECIALIZES CLASS_NAME .)
    CLASS_NAME      reduce using rule 14 (class_declaration -> EST_CLASS CLASS_NAME SPECIALIZES CLASS_NAME .)
    DISJOINT        reduce using rule 14 (class_declaration -> EST_CLASS CLASS_NAME SPECIALIZES CLASS_NAME .)
    COMPLETE        reduce using rule 14 (class_declaration -> EST_CLASS CLASS_NAME SPECIALIZES CLASS_NAME .)
    $end            reduce using rule 14 (class_declaration -> EST_CLASS CLASS_NAME SPECIALIZES CLASS_NAME .)


state 61

    (66) relation_declaration -> CLASS_NAME cardinality relation_symbol RELATION_NAME . relation_symbol cardinality CLASS_NAME
    (71) relation_symbol -> . HYPHEN HYPHEN
    (72) relation_symbol -> . CONTEM
    (73) relation_symbol -> . CONTIDO

    HYPHEN          shift and go to state 38
    CONTEM          shift and go to state 39
    CONTIDO         shift and go to state 40

    relation_symbol                shift and go to state 86

state 62

    (71) relation_symbol -> HYPHEN HYPHEN .

    RELATION_NAME   reduce using rule 71 (relation_symbol -> HYPHEN HYPHEN .)
    LBRACKET        reduce using rule 71 (relation_symbol -> HYPHEN HYPHEN .)


state 63

    (67) cardinality -> LBRACKET NUMBER DOT . DOT ASTERISCO RBRACKET
    (69) cardinality -> LBRACKET NUMBER DOT . DOT NUMBER RBRACKET

    DOT             shift and go to state 87


state 64

    (68) cardinality -> LBRACKET NUMBER RBRACKET .

    HYPHEN          reduce using rule 68 (cardinality -> LBRACKET NUMBER RBRACKET .)
    CONTEM          reduce using rule 68 (cardinality -> LBRACKET NUMBER RBRACKET .)
    CONTIDO         reduce using rule 68 (cardinality -> LBRACKET NUMBER RBRACKET .)
    CLASS_NAME      reduce using rule 68 (cardinality -> LBRACKET NUMBER RBRACKET .)


state 65

    (70) cardinality -> LBRACKET ASTERISCO RBRACKET .

    HYPHEN          reduce using rule 70 (cardinality -> LBRACKET ASTERISCO RBRACKET .)
    CONTEM          reduce using rule 70 (cardinality -> LBRACKET ASTERISCO RBRACKET .)
    CONTIDO         reduce using rule 70 (cardinality -> LBRACKET ASTERISCO RBRACKET .)
    CLASS_NAME      reduce using rule 70 (cardinality -> LBRACKET ASTERISCO RBRACKET .)


state 66

    (45) datatype_declaration -> DATATYPE CLASS_NAME LBRACE attribute_list . RBRACE
    (48) attribute_list -> attribute_list . attribute
    (20) attribute -> . RELATION_NAME COLON type
    (21) attribute -> . RELATION_NAME COLON type metadata_block
    (22) attribute -> . ID COLON type
    (23) attribute -> . ID COLON type metadata_block
    (24) attribute -> . NATIVE_NUMBER COLON type
    (25) attribute -> . NATIVE_NUMBER COLON type metadata_block

    RBRACE          shift and go to state 88
    RELATION_NAME   shift and go to state 55
    ID              shift and go to state 56
    NATIVE_NUMBER   shift and go to state 57

    attribute                      shift and go to state 89

state 67

    (46) datatype_declaration -> DATATYPE CLASS_NAME LBRACE RBRACE .

    EST_CLASS       reduce using rule 46 (datatype_declaration -> DATATYPE CLASS_NAME LBRACE RBRACE .)
    DATATYPE        reduce using rule 46 (datatype_declaration -> DATATYPE CLASS_NAME LBRACE RBRACE .)
    ENUM            reduce using rule 46 (datatype_declaration -> DATATYPE CLASS_NAME LBRACE RBRACE .)
    GENSET          reduce using rule 46 (datatype_declaration -> DATATYPE CLASS_NAME LBRACE RBRACE .)
    ARROBA          reduce using rule 46 (datatype_declaration -> DATATYPE CLASS_NAME LBRACE RBRACE .)
    RELATION        reduce using rule 46 (datatype_declaration -> DATATYPE CLASS_NAME LBRACE RBRACE .)
    CLASS_NAME      reduce using rule 46 (datatype_declaration -> DATATYPE CLASS_NAME LBRACE RBRACE .)
    DISJOINT        reduce using rule 46 (datatype_declaration -> DATATYPE CLASS_NAME LBRACE RBRACE .)
    COMPLETE        reduce using rule 46 (datatype_declaration -> DATATYPE CLASS_NAME LBRACE RBRACE .)
    $end            reduce using rule 46 (datatype_declaration -> DATATYPE CLASS_NAME LBRACE RBRACE .)


state 68

    (47) attribute_list -> attribute .

    RBRACE          reduce using rule 47 (attribute_list -> attribute .)
    RELATION_NAME   reduce using rule 47 (attribute_list -> attribute .)
    ID              reduce using rule 47 (attribute_list -> attribute .)
    NATIVE_NUMBER   reduce using rule 47 (attribute_list -> attribute .)


state 69

    (51) instance_list -> CLASS_NAME .

    RBRACE          reduce using rule 51 (instance_list -> CLASS_NAME .)
    CLASS_NAME      reduce using rule 51 (instance_list -> CLASS_NAME .)


state 70

    (49) enum_declaration -> ENUM CLASS_NAME LBRACE instance_list . RBRACE
    (52) instance_list -> instance_list . CLASS_NAME

    RBRACE          shift and go to state 91
    CLASS_NAME      shift and go to state 90


state 71

    (50) enum_declaration -> ENUM CLASS_NAME LBRACE RBRACE .

    EST_CLASS       reduce using rule 50 (enum_declaration -> ENUM CLASS_NAME LBRACE RBRACE .)
    DATATYPE        reduce using rule 50 (enum_declaration -> ENUM CLASS_NAME LBRACE RBRACE .)
    ENUM            reduce using rule 50 (enum_declaration -> ENUM CLASS_NAME LBRACE RBRACE .)
    GENSET          reduce using rule 50 (enum_declaration -> ENUM CLASS_NAME LBRACE RBRACE .)
    ARROBA          reduce using rule 50 (enum_declaration -> ENUM CLASS_NAME LBRACE RBRACE .)
    RELATION        reduce using rule 50 (enum_declaration -> ENUM CLASS_NAME LBRACE RBRACE .)
    CLASS_NAME      reduce using rule 50 (enum_declaration -> ENUM CLASS_NAME LBRACE RBRACE .)
    DISJOINT        reduce using rule 50 (enum_declaration -> ENUM CLASS_NAME LBRACE RBRACE .)
    COMPLETE        reduce using rule 50 (enum_declaration -> ENUM CLASS_NAME LBRACE RBRACE .)
    $end            reduce using rule 50 (enum_declaration -> ENUM CLASS_NAME LBRACE RBRACE .)


state 72

    (53) genset_declaration -> modifiers GENSET CLASS_NAME WHERE . class_list SPECIALIZES CLASS_NAME
    (61) class_list -> . CLASS_NAME
    (62) class_list -> . class_list COMMA CLASS_NAME

    CLASS_NAME      shift and go to state 74

    class_list                     shift and go to state 92

state 73

    (56) genset_declaration -> modifiers GENSET CLASS_NAME LBRACE . GENERAL CLASS_NAME SPECIFICS class_list RBRACE

    GENERAL         shift and go to state 93


state 74

    (61) class_list -> CLASS_NAME .

    SPECIALIZES     reduce using rule 61 (class_list -> CLASS_NAME .)
    COMMA           reduce using rule 61 (class_list -> CLASS_NAME .)
    RBRACE          reduce using rule 61 (class_list -> CLASS_NAME .)


state 75

    (54) genset_declaration -> GENSET CLASS_NAME WHERE class_list . SPECIALIZES CLASS_NAME
    (62) class_list -> class_list . COMMA CLASS_NAME

    SPECIALIZES     shift and go to state 94
    COMMA           shift and go to state 95


state 76

    (55) genset_declaration -> GENSET CLASS_NAME LBRACE GENERAL . CLASS_NAME SPECIFICS class_list RBRACE

    CLASS_NAME      shift and go to state 96


state 77

    (63) relation_declaration -> ARROBA EST_REL RELATION CLASS_NAME . cardinality relation_symbol cardinality CLASS_NAME
    (67) cardinality -> . LBRACKET NUMBER DOT DOT ASTERISCO RBRACKET
    (68) cardinality -> . LBRACKET NUMBER RBRACKET
    (69) cardinality -> . LBRACKET NUMBER DOT DOT NUMBER RBRACKET
    (70) cardinality -> . LBRACKET ASTERISCO RBRACKET

    LBRACKET        shift and go to state 26

    cardinality                    shift and go to state 97

state 78

    (64) relation_declaration -> RELATION CLASS_NAME cardinality relation_symbol . cardinality CLASS_NAME
    (65) relation_declaration -> RELATION CLASS_NAME cardinality relation_symbol . RELATION_NAME relation_symbol cardinality CLASS_NAME
    (67) cardinality -> . LBRACKET NUMBER DOT DOT ASTERISCO RBRACKET
    (68) cardinality -> . LBRACKET NUMBER RBRACKET
    (69) cardinality -> . LBRACKET NUMBER DOT DOT NUMBER RBRACKET
    (70) cardinality -> . LBRACKET ASTERISCO RBRACKET

    RELATION_NAME   shift and go to state 99
    LBRACKET        shift and go to state 26

    cardinality                    shift and go to state 98

state 79

    (12) class_declaration -> EST_CLASS CLASS_NAME LBRACE class_body RBRACE .

    EST_CLASS       reduce using rule 12 (class_declaration -> EST_CLASS CLASS_NAME LBRACE class_body RBRACE .)
    DATATYPE        reduce using rule 12 (class_declaration -> EST_CLASS CLASS_NAME LBRACE class_body RBRACE .)
    ENUM            reduce using rule 12 (class_declaration -> EST_CLASS CLASS_NAME LBRACE class_body RBRACE .)
    GENSET          reduce using rule 12 (class_declaration -> EST_CLASS CLASS_NAME LBRACE class_body RBRACE .)
    ARROBA          reduce using rule 12 (class_declaration -> EST_CLASS CLASS_NAME LBRACE class_body RBRACE .)
    RELATION        reduce using rule 12 (class_declaration -> EST_CLASS CLASS_NAME LBRACE class_body RBRACE .)
    CLASS_NAME      reduce using rule 12 (class_declaration -> EST_CLASS CLASS_NAME LBRACE class_body RBRACE .)
    DISJOINT        reduce using rule 12 (class_declaration -> EST_CLASS CLASS_NAME LBRACE class_body RBRACE .)
    COMPLETE        reduce using rule 12 (class_declaration -> EST_CLASS CLASS_NAME LBRACE class_body RBRACE .)
    $end            reduce using rule 12 (class_declaration -> EST_CLASS CLASS_NAME LBRACE class_body RBRACE .)


state 80

    (17) class_body -> class_body class_body_item .

    RBRACE          reduce using rule 17 (class_body -> class_body class_body_item .)
    RELATION_NAME   reduce using rule 17 (class_body -> class_body class_body_item .)
    ID              reduce using rule 17 (class_body -> class_body class_body_item .)
    NATIVE_NUMBER   reduce using rule 17 (class_body -> class_body class_body_item .)
    ARROBA          reduce using rule 17 (class_body -> class_body class_body_item .)
    EST_REL         reduce using rule 17 (class_body -> class_body class_body_item .)


state 81

    (20) attribute -> RELATION_NAME COLON . type
    (21) attribute -> RELATION_NAME COLON . type metadata_block
    (26) type -> . NATIVE_STRING
    (27) type -> . NATIVE_NUMBER
    (28) type -> . NATIVE_BOOLEAN
    (29) type -> . NATIVE_DATE
    (30) type -> . NATIVE_TIME
    (31) type -> . NATIVE_DATETIME
    (32) type -> . CLASS_NAME
    (33) type -> . RELATION_NAME
    (34) type -> . ID

    NATIVE_STRING   shift and go to state 102
    NATIVE_NUMBER   shift and go to state 103
    NATIVE_BOOLEAN  shift and go to state 104
    NATIVE_DATE     shift and go to state 105
    NATIVE_TIME     shift and go to state 106
    NATIVE_DATETIME shift and go to state 107
    CLASS_NAME      shift and go to state 108
    RELATION_NAME   shift and go to state 100
    ID              shift and go to state 109

    type                           shift and go to state 101

state 82

    (22) attribute -> ID COLON . type
    (23) attribute -> ID COLON . type metadata_block
    (26) type -> . NATIVE_STRING
    (27) type -> . NATIVE_NUMBER
    (28) type -> . NATIVE_BOOLEAN
    (29) type -> . NATIVE_DATE
    (30) type -> . NATIVE_TIME
    (31) type -> . NATIVE_DATETIME
    (32) type -> . CLASS_NAME
    (33) type -> . RELATION_NAME
    (34) type -> . ID

    NATIVE_STRING   shift and go to state 102
    NATIVE_NUMBER   shift and go to state 103
    NATIVE_BOOLEAN  shift and go to state 104
    NATIVE_DATE     shift and go to state 105
    NATIVE_TIME     shift and go to state 106
    NATIVE_DATETIME shift and go to state 107
    CLASS_NAME      shift and go to state 108
    RELATION_NAME   shift and go to state 100
    ID              shift and go to state 109

    type                           shift and go to state 110

state 83

    (24) attribute -> NATIVE_NUMBER COLON . type
    (25) attribute -> NATIVE_NUMBER COLON . type metadata_block
    (26) type -> . NATIVE_STRING
    (27) type -> . NATIVE_NUMBER
    (28) type -> . NATIVE_BOOLEAN
    (29) type -> . NATIVE_DATE
    (30) type -> . NATIVE_TIME
    (31) type -> . NATIVE_DATETIME
    (32) type -> . CLASS_NAME
    (33) type -> . RELATION_NAME
    (34) type -> . ID

    NATIVE_STRING   shift and go to state 102
    NATIVE_NUMBER   shift and go to state 103
    NATIVE_BOOLEAN  shift and go to state 104
    NATIVE_DATE     shift and go to state 105
    NATIVE_TIME     shift and go to state 106
    NATIVE_DATETIME shift and go to state 107
    CLASS_NAME      shift and go to state 108
    RELATION_NAME   shift and go to state 100
    ID              shift and go to state 109

    type                           shift and go to state 111

state 84

    (43) internal_relation -> ARROBA EST_REL . cardinality relation_symbol cardinality CLASS_NAME
    (67) cardinality -> . LBRACKET NUMBER DOT DOT ASTERISCO RBRACKET
    (68) cardinality -> . LBRACKET NUMBER RBRACKET
    (69) cardinality -> . LBRACKET NUMBER DOT DOT NUMBER RBRACKET
    (70) cardinality -> . LBRACKET ASTERISCO RBRACKET

    LBRACKET        shift and go to state 26

    cardinality                    shift and go to state 112

state 85

    (44) internal_relation -> EST_REL cardinality . relation_symbol cardinality CLASS_NAME
    (71) relation_symbol -> . HYPHEN HYPHEN
    (72) relation_symbol -> . CONTEM
    (73) relation_symbol -> . CONTIDO

    HYPHEN          shift and go to state 38
    CONTEM          shift and go to state 39
    CONTIDO         shift and go to state 40

    relation_symbol                shift and go to state 113

state 86

    (66) relation_declaration -> CLASS_NAME cardinality relation_symbol RELATION_NAME relation_symbol . cardinality CLASS_NAME
    (67) cardinality -> . LBRACKET NUMBER DOT DOT ASTERISCO RBRACKET
    (68) cardinality -> . LBRACKET NUMBER RBRACKET
    (69) cardinality -> . LBRACKET NUMBER DOT DOT NUMBER RBRACKET
    (70) cardinality -> . LBRACKET ASTERISCO RBRACKET

    LBRACKET        shift and go to state 26

    cardinality                    shift and go to state 114

state 87

    (67) cardinality -> LBRACKET NUMBER DOT DOT . ASTERISCO RBRACKET
    (69) cardinality -> LBRACKET NUMBER DOT DOT . NUMBER RBRACKET

    ASTERISCO       shift and go to state 116
    NUMBER          shift and go to state 115


state 88

    (45) datatype_declaration -> DATATYPE CLASS_NAME LBRACE attribute_list RBRACE .

    EST_CLASS       reduce using rule 45 (datatype_declaration -> DATATYPE CLASS_NAME LBRACE attribute_list RBRACE .)
    DATATYPE        reduce using rule 45 (datatype_declaration -> DATATYPE CLASS_NAME LBRACE attribute_list RBRACE .)
    ENUM            reduce using rule 45 (datatype_declaration -> DATATYPE CLASS_NAME LBRACE attribute_list RBRACE .)
    GENSET          reduce using rule 45 (datatype_declaration -> DATATYPE CLASS_NAME LBRACE attribute_list RBRACE .)
    ARROBA          reduce using rule 45 (datatype_declaration -> DATATYPE CLASS_NAME LBRACE attribute_list RBRACE .)
    RELATION        reduce using rule 45 (datatype_declaration -> DATATYPE CLASS_NAME LBRACE attribute_list RBRACE .)
    CLASS_NAME      reduce using rule 45 (datatype_declaration -> DATATYPE CLASS_NAME LBRACE attribute_list RBRACE .)
    DISJOINT        reduce using rule 45 (datatype_declaration -> DATATYPE CLASS_NAME LBRACE attribute_list RBRACE .)
    COMPLETE        reduce using rule 45 (datatype_declaration -> DATATYPE CLASS_NAME LBRACE attribute_list RBRACE .)
    $end            reduce using rule 45 (datatype_declaration -> DATATYPE CLASS_NAME LBRACE attribute_list RBRACE .)


state 89

    (48) attribute_list -> attribute_list attribute .

    RBRACE          reduce using rule 48 (attribute_list -> attribute_list attribute .)
    RELATION_NAME   reduce using rule 48 (attribute_list -> attribute_list attribute .)
    ID              reduce using rule 48 (attribute_list -> attribute_list attribute .)
    NATIVE_NUMBER   reduce using rule 48 (attribute_list -> attribute_list attribute .)


state 90

    (52) instance_list -> instance_list CLASS_NAME .

    RBRACE          reduce using rule 52 (instance_list -> instance_list CLASS_NAME .)
    CLASS_NAME      reduce using rule 52 (instance_list -> instance_list CLASS_NAME .)


state 91

    (49) enum_declaration -> ENUM CLASS_NAME LBRACE instance_list RBRACE .

    EST_CLASS       reduce using rule 49 (enum_declaration -> ENUM CLASS_NAME LBRACE instance_list RBRACE .)
    DATATYPE        reduce using rule 49 (enum_declaration -> ENUM CLASS_NAME LBRACE instance_list RBRACE .)
    ENUM            reduce using rule 49 (enum_declaration -> ENUM CLASS_NAME LBRACE instance_list RBRACE .)
    GENSET          reduce using rule 49 (enum_declaration -> ENUM CLASS_NAME LBRACE instance_list RBRACE .)
    ARROBA          reduce using rule 49 (enum_declaration -> ENUM CLASS_NAME LBRACE instance_list RBRACE .)
    RELATION        reduce using rule 49 (enum_declaration -> ENUM CLASS_NAME LBRACE instance_list RBRACE .)
    CLASS_NAME      reduce using rule 49 (enum_declaration -> ENUM CLASS_NAME LBRACE instance_list RBRACE .)
    DISJOINT        reduce using rule 49 (enum_declaration -> ENUM CLASS_NAME LBRACE instance_list RBRACE .)
    COMPLETE        reduce using rule 49 (enum_declaration -> ENUM CLASS_NAME LBRACE instance_list RBRACE .)
    $end            reduce using rule 49 (enum_declaration -> ENUM CLASS_NAME LBRACE instance_list RBRACE .)


state 92

    (53) genset_declaration -> modifiers GENSET CLASS_NAME WHERE class_list . SPECIALIZES CLASS_NAME
    (62) class_list -> class_list . COMMA CLASS_NAME

    SPECIALIZES     shift and go to state 117
    COMMA           shift and go to state 95


state 93

    (56) genset_declaration -> modifiers GENSET CLASS_NAME LBRACE GENERAL . CLASS_NAME SPECIFICS class_list RBRACE

    CLASS_NAME      shift and go to state 118


state 94

    (54) genset_declaration -> GENSET CLASS_NAME WHERE class_list SPECIALIZES . CLASS_NAME

    CLASS_NAME      shift and go to state 119


state 95

    (62) class_list -> class_list COMMA . CLASS_NAME

    CLASS_NAME      shift and go to state 120


state 96

    (55) genset_declaration -> GENSET CLASS_NAME LBRACE GENERAL CLASS_NAME . SPECIFICS class_list RBRACE

    SPECIFICS       shift and go to state 121


state 97

    (63) relation_declaration -> ARROBA EST_REL RELATION CLASS_NAME cardinality . relation_symbol cardinality CLASS_NAME
    (71) relation_symbol -> . HYPHEN HYPHEN
    (72) relation_symbol -> . CONTEM
    (73) relation_symbol -> . CONTIDO

    HYPHEN          shift and go to state 38
    CONTEM          shift and go to state 39
    CONTIDO         shift and go to state 40

    relation_symbol                shift and go to state 122

state 98

    (64) relation_declaration -> RELATION CLASS_NAME cardinality relation_symbol cardinality . CLASS_NAME

    CLASS_NAME      shift and go to state 123


state 99

    (65) relation_declaration -> RELATION CLASS_NAME cardinality relation_symbol RELATION_NAME . relation_symbol cardinality CLASS_NAME
    (71) relation_symbol -> . HYPHEN HYPHEN
    (72) relation_symbol -> . CONTEM
    (73) relation_symbol -> . CONTIDO

    HYPHEN          shift and go to state 38
    CONTEM          shift and go to state 39
    CONTIDO         shift and go to state 40

    relation_symbol                shift and go to state 124

state 100

    (33) type -> RELATION_NAME .

    LBRACE          reduce using rule 33 (type -> RELATION_NAME .)
    RBRACE          reduce using rule 33 (type -> RELATION_NAME .)
    RELATION_NAME   reduce using rule 33 (type -> RELATION_NAME .)
    ID              reduce using rule 33 (type -> RELATION_NAME .)
    NATIVE_NUMBER   reduce using rule 33 (type -> RELATION_NAME .)
    ARROBA          reduce using rule 33 (type -> RELATION_NAME .)
    EST_REL         reduce using rule 33 (type -> RELATION_NAME .)


state 101

    (20) attribute -> RELATION_NAME COLON type .
    (21) attribute -> RELATION_NAME COLON type . metadata_block
    (35) metadata_block -> . LBRACE metadata_list RBRACE

    RBRACE          reduce using rule 20 (attribute -> RELATION_NAME COLON type .)
    RELATION_NAME   reduce using rule 20 (attribute -> RELATION_NAME COLON type .)
    ID              reduce using rule 20 (attribute -> RELATION_NAME COLON type .)
    NATIVE_NUMBER   reduce using rule 20 (attribute -> RELATION_NAME COLON type .)
    ARROBA          reduce using rule 20 (attribute -> RELATION_NAME COLON type .)
    EST_REL         reduce using rule 20 (attribute -> RELATION_NAME COLON type .)
    LBRACE          shift and go to state 126

    metadata_block                 shift and go to state 125

state 102

    (26) type -> NATIVE_STRING .

    LBRACE          reduce using rule 26 (type -> NATIVE_STRING .)
    RBRACE          reduce using rule 26 (type -> NATIVE_STRING .)
    RELATION_NAME   reduce using rule 26 (type -> NATIVE_STRING .)
    ID              reduce using rule 26 (type -> NATIVE_STRING .)
    NATIVE_NUMBER   reduce using rule 26 (type -> NATIVE_STRING .)
    ARROBA          reduce using rule 26 (type -> NATIVE_STRING .)
    EST_REL         reduce using rule 26 (type -> NATIVE_STRING .)


state 103

    (27) type -> NATIVE_NUMBER .

    LBRACE          reduce using rule 27 (type -> NATIVE_NUMBER .)
    RBRACE          reduce using rule 27 (type -> NATIVE_NUMBER .)
    RELATION_NAME   reduce using rule 27 (type -> NATIVE_NUMBER .)
    ID              reduce using rule 27 (type -> NATIVE_NUMBER .)
    NATIVE_NUMBER   reduce using rule 27 (type -> NATIVE_NUMBER .)
    ARROBA          reduce using rule 27 (type -> NATIVE_NUMBER .)
    EST_REL         reduce using rule 27 (type -> NATIVE_NUMBER .)


state 104

    (28) type -> NATIVE_BOOLEAN .

    LBRACE          reduce using rule 28 (type -> NATIVE_BOOLEAN .)
    RBRACE          reduce using rule 28 (type -> NATIVE_BOOLEAN .)
    RELATION_NAME   reduce using rule 28 (type -> NATIVE_BOOLEAN .)
    ID              reduce using rule 28 (type -> NATIVE_BOOLEAN .)
    NATIVE_NUMBER   reduce using rule 28 (type -> NATIVE_BOOLEAN .)
    ARROBA          reduce using rule 28 (type -> NATIVE_BOOLEAN .)
    EST_REL         reduce using rule 28 (type -> NATIVE_BOOLEAN .)


state 105

    (29) type -> NATIVE_DATE .

    LBRACE          reduce using rule 29 (type -> NATIVE_DATE .)
    RBRACE          reduce using rule 29 (type -> NATIVE_DATE .)
    RELATION_NAME   reduce using rule 29 (type -> NATIVE_DATE .)
    ID              reduce using rule 29 (type -> NATIVE_DATE .)
    NATIVE_NUMBER   reduce using rule 29 (type -> NATIVE_DATE .)
    ARROBA          reduce using rule 29 (type -> NATIVE_DATE .)
    EST_REL         reduce using rule 29 (type -> NATIVE_DATE .)


state 106

    (30) type -> NATIVE_TIME .

    LBRACE          reduce using rule 30 (type -> NATIVE_TIME .)
    RBRACE          reduce using rule 30 (type -> NATIVE_TIME .)
    RELATION_NAME   reduce using rule 30 (type -> NATIVE_TIME .)
    ID              reduce using rule 30 (type -> NATIVE_TIME .)
    NATIVE_NUMBER   reduce using rule 30 (type -> NATIVE_TIME .)
    ARROBA          reduce using rule 30 (type -> NATIVE_TIME .)
    EST_REL         reduce using rule 30 (type -> NATIVE_TIME .)


state 107

    (31) type -> NATIVE_DATETIME .

    LBRACE          reduce using rule 31 (type -> NATIVE_DATETIME .)
    RBRACE          reduce using rule 31 (type -> NATIVE_DATETIME .)
    RELATION_NAME   reduce using rule 31 (type -> NATIVE_DATETIME .)
    ID              reduce using rule 31 (type -> NATIVE_DATETIME .)
    NATIVE_NUMBER   reduce using rule 31 (type -> NATIVE_DATETIME .)
    ARROBA          reduce using rule 31 (type -> NATIVE_DATETIME .)
    EST_REL         reduce using rule 31 (type -> NATIVE_DATETIME .)


state 108

    (32) type -> CLASS_NAME .

    LBRACE          reduce using rule 32 (type -> CLASS_NAME .)
    RBRACE          reduce using rule 32 (type -> CLASS_NAME .)
    RELATION_NAME   reduce using rule 32 (type -> CLASS_NAME .)
    ID              reduce using rule 32 (type -> CLASS_NAME .)
    NATIVE_NUMBER   reduce using rule 32 (type -> CLASS_NAME .)
    ARROBA          reduce using rule 32 (type -> CLASS_NAME .)
    EST_REL         reduce using rule 32 (type -> CLASS_NAME .)


state 109

    (34) type -> ID .

    LBRACE          reduce using rule 34 (type -> ID .)
    RBRACE          reduce using rule 34 (type -> ID .)
    RELATION_NAME   reduce using rule 34 (type -> ID .)
    ID              reduce using rule 34 (type -> ID .)
    NATIVE_NUMBER   reduce using rule 34 (type -> ID .)
    ARROBA          reduce using rule 34 (type -> ID .)
    EST_REL         reduce using rule 34 (type -> ID .)


state 110

    (22) attribute -> ID COLON type .
    (23) attribute -> ID COLON type . metadata_block
    (35) metadata_block -> . LBRACE metadata_list RBRACE

    RBRACE          reduce using rule 22 (attribute -> ID COLON type .)
    RELATION_NAME   reduce using rule 22 (attribute -> ID COLON type .)
    ID              reduce using rule 22 (attribute -> ID COLON type .)
    NATIVE_NUMBER   reduce using rule 22 (attribute -> ID COLON type .)
    ARROBA          reduce using rule 22 (attribute -> ID COLON type .)
    EST_REL         reduce using rule 22 (attribute -> ID COLON type .)
    LBRACE          shift and go to state 126

    metadata_block                 shift and go to state 127

state 111

    (24) attribute -> NATIVE_NUMBER COLON type .
    (25) attribute -> NATIVE_NUMBER COLON type . metadata_block
    (35) metadata_block -> . LBRACE metadata_list RBRACE

    RBRACE          reduce using rule 24 (attribute -> NATIVE_NUMBER COLON type .)
    RELATION_NAME   reduce using rule 24 (attribute -> NATIVE_NUMBER COLON type .)
    ID              reduce using rule 24 (attribute -> NATIVE_NUMBER COLON type .)
    NATIVE_NUMBER   reduce using rule 24 (attribute -> NATIVE_NUMBER COLON type .)
    ARROBA          reduce using rule 24 (attribute -> NATIVE_NUMBER COLON type .)
    EST_REL         reduce using rule 24 (attribute -> NATIVE_NUMBER COLON type .)
    LBRACE          shift and go to state 126

    metadata_block                 shift and go to state 128

state 112

    (43) internal_relation -> ARROBA EST_REL cardinality . relation_symbol cardinality CLASS_NAME
    (71) relation_symbol -> . HYPHEN HYPHEN
    (72) relation_symbol -> . CONTEM
    (73) relation_symbol -> . CONTIDO

    HYPHEN          shift and go to state 38
    CONTEM          shift and go to state 39
    CONTIDO         shift and go to state 40

    relation_symbol                shift and go to state 129

state 113

    (44) internal_relation -> EST_REL cardinality relation_symbol . cardinality CLASS_NAME
    (67) cardinality -> . LBRACKET NUMBER DOT DOT ASTERISCO RBRACKET
    (68) cardinality -> . LBRACKET NUMBER RBRACKET
    (69) cardinality -> . LBRACKET NUMBER DOT DOT NUMBER RBRACKET
    (70) cardinality -> . LBRACKET ASTERISCO RBRACKET

    LBRACKET        shift and go to state 26

    cardinality                    shift and go to state 130

state 114

    (66) relation_declaration -> CLASS_NAME cardinality relation_symbol RELATION_NAME relation_symbol cardinality . CLASS_NAME

    CLASS_NAME      shift and go to state 131


state 115

    (69) cardinality -> LBRACKET NUMBER DOT DOT NUMBER . RBRACKET

    RBRACKET        shift and go to state 132


state 116

    (67) cardinality -> LBRACKET NUMBER DOT DOT ASTERISCO . RBRACKET

    RBRACKET        shift and go to state 133


state 117

    (53) genset_declaration -> modifiers GENSET CLASS_NAME WHERE class_list SPECIALIZES . CLASS_NAME

    CLASS_NAME      shift and go to state 134


state 118

    (56) genset_declaration -> modifiers GENSET CLASS_NAME LBRACE GENERAL CLASS_NAME . SPECIFICS class_list RBRACE

    SPECIFICS       shift and go to state 135


state 119

    (54) genset_declaration -> GENSET CLASS_NAME WHERE class_list SPECIALIZES CLASS_NAME .

    EST_CLASS       reduce using rule 54 (genset_declaration -> GENSET CLASS_NAME WHERE class_list SPECIALIZES CLASS_NAME .)
    DATATYPE        reduce using rule 54 (genset_declaration -> GENSET CLASS_NAME WHERE class_list SPECIALIZES CLASS_NAME .)
    ENUM            reduce using rule 54 (genset_declaration -> GENSET CLASS_NAME WHERE class_list SPECIALIZES CLASS_NAME .)
    GENSET          reduce using rule 54 (genset_declaration -> GENSET CLASS_NAME WHERE class_list SPECIALIZES CLASS_NAME .)
    ARROBA          reduce using rule 54 (genset_declaration -> GENSET CLASS_NAME WHERE class_list SPECIALIZES CLASS_NAME .)
    RELATION        reduce using rule 54 (genset_declaration -> GENSET CLASS_NAME WHERE class_list SPECIALIZES CLASS_NAME .)
    CLASS_NAME      reduce using rule 54 (genset_declaration -> GENSET CLASS_NAME WHERE class_list SPECIALIZES CLASS_NAME .)
    DISJOINT        reduce using rule 54 (genset_declaration -> GENSET CLASS_NAME WHERE class_list SPECIALIZES CLASS_NAME .)
    COMPLETE        reduce using rule 54 (genset_declaration -> GENSET CLASS_NAME WHERE class_list SPECIALIZES CLASS_NAME .)
    $end            reduce using rule 54 (genset_declaration -> GENSET CLASS_NAME WHERE class_list SPECIALIZES CLASS_NAME .)


state 120

    (62) class_list -> class_list COMMA CLASS_NAME .

    SPECIALIZES     reduce using rule 62 (class_list -> class_list COMMA CLASS_NAME .)
    COMMA           reduce using rule 62 (class_list -> class_list COMMA CLASS_NAME .)
    RBRACE          reduce using rule 62 (class_list -> class_list COMMA CLASS_NAME .)


state 121

    (55) genset_declaration -> GENSET CLASS_NAME LBRACE GENERAL CLASS_NAME SPECIFICS . class_list RBRACE
    (61) class_list -> . CLASS_NAME
    (62) class_list -> . class_list COMMA CLASS_NAME

    CLASS_NAME      shift and go to state 74

    class_list                     shift and go to state 136

state 122

    (63) relation_declaration -> ARROBA EST_REL RELATION CLASS_NAME cardinality relation_symbol . cardinality CLASS_NAME
    (67) cardinality -> . LBRACKET NUMBER DOT DOT ASTERISCO RBRACKET
    (68) cardinality -> . LBRACKET NUMBER RBRACKET
    (69) cardinality -> . LBRACKET NUMBER DOT DOT NUMBER RBRACKET
    (70) cardinality -> . LBRACKET ASTERISCO RBRACKET

    LBRACKET        shift and go to state 26

    cardinality                    shift and go to state 137

state 123

    (64) relation_declaration -> RELATION CLASS_NAME cardinality relation_symbol cardinality CLASS_NAME .

    EST_CLASS       reduce using rule 64 (relation_declaration -> RELATION CLASS_NAME cardinality relation_symbol cardinality CLASS_NAME .)
    DATATYPE        reduce using rule 64 (relation_declaration -> RELATION CLASS_NAME cardinality relation_symbol cardinality CLASS_NAME .)
    ENUM            reduce using rule 64 (relation_declaration -> RELATION CLASS_NAME cardinality relation_symbol cardinality CLASS_NAME .)
    GENSET          reduce using rule 64 (relation_declaration -> RELATION CLASS_NAME cardinality relation_symbol cardinality CLASS_NAME .)
    ARROBA          reduce using rule 64 (relation_declaration -> RELATION CLASS_NAME cardinality relation_symbol cardinality CLASS_NAME .)
    RELATION        reduce using rule 64 (relation_declaration -> RELATION CLASS_NAME cardinality relation_symbol cardinality CLASS_NAME .)
    CLASS_NAME      reduce using rule 64 (relation_declaration -> RELATION CLASS_NAME cardinality relation_symbol cardinality CLASS_NAME .)
    DISJOINT        reduce using rule 64 (relation_declaration -> RELATION CLASS_NAME cardinality relation_symbol cardinality CLASS_NAME .)
    COMPLETE        reduce using rule 64 (relation_declaration -> RELATION CLASS_NAME cardinality relation_symbol cardinality CLASS_NAME .)
    $end            reduce using rule 64 (relation_declaration -> RELATION CLASS_NAME cardinality relation_symbol cardinality CLASS_NAME .)


state 124

    (65) relation_declaration -> RELATION CLASS_NAME cardinality relation_symbol RELATION_NAME relation_symbol . cardinality CLASS_NAME
    (67) cardinality -> . LBRACKET NUMBER DOT DOT ASTERISCO RBRACKET
    (68) cardinality -> . LBRACKET NUMBER RBRACKET
    (69) cardinality -> . LBRACKET NUMBER DOT DOT NUMBER RBRACKET
    (70) cardinality -> . LBRACKET ASTERISCO RBRACKET

    LBRACKET        shift and go to state 26

    cardinality                    shift and go to state 138

state 125

    (21) attribute -> RELATION_NAME COLON type metadata_block .

    RBRACE          reduce using rule 21 (attribute -> RELATION_NAME COLON type metadata_block .)
    RELATION_NAME   reduce using rule 21 (attribute -> RELATION_NAME COLON type metadata_block .)
    ID              reduce using rule 21 (attribute -> RELATION_NAME COLON type metadata_block .)
    NATIVE_NUMBER   reduce using rule 21 (attribute -> RELATION_NAME COLON type metadata_block .)
    ARROBA          reduce using rule 21 (attribute -> RELATION_NAME COLON type metadata_block .)
    EST_REL         reduce using rule 21 (attribute -> RELATION_NAME COLON type metadata_block .)


state 126

    (35) metadata_block -> LBRACE . metadata_list RBRACE
    (36) metadata_list -> . metadata_item
    (37) metadata_list -> . metadata_list metadata_item
    (38) metadata_item -> . META_CONST
    (39) metadata_item -> . META_ORDERED
    (40) metadata_item -> . META_DERIVED
    (41) metadata_item -> . META_SUBSETS
    (42) metadata_item -> . META_REDEFINES

    META_CONST      shift and go to state 141
    META_ORDERED    shift and go to state 142
    META_DERIVED    shift and go to state 143
    META_SUBSETS    shift and go to state 144
    META_REDEFINES  shift and go to state 145

    metadata_list                  shift and go to state 139
    metadata_item                  shift and go to state 140

state 127

    (23) attribute -> ID COLON type metadata_block .

    RBRACE          reduce using rule 23 (attribute -> ID COLON type metadata_block .)
    RELATION_NAME   reduce using rule 23 (attribute -> ID COLON type metadata_block .)
    ID              reduce using rule 23 (attribute -> ID COLON type metadata_block .)
    NATIVE_NUMBER   reduce using rule 23 (attribute -> ID COLON type metadata_block .)
    ARROBA          reduce using rule 23 (attribute -> ID COLON type metadata_block .)
    EST_REL         reduce using rule 23 (attribute -> ID COLON type metadata_block .)


state 128

    (25) attribute -> NATIVE_NUMBER COLON type metadata_block .

    RBRACE          reduce using rule 25 (attribute -> NATIVE_NUMBER COLON type metadata_block .)
    RELATION_NAME   reduce using rule 25 (attribute -> NATIVE_NUMBER COLON type metadata_block .)
    ID              reduce using rule 25 (attribute -> NATIVE_NUMBER COLON type metadata_block .)
    NATIVE_NUMBER   reduce using rule 25 (attribute -> NATIVE_NUMBER COLON type metadata_block .)
    ARROBA          reduce using rule 25 (attribute -> NATIVE_NUMBER COLON type metadata_block .)
    EST_REL         reduce using rule 25 (attribute -> NATIVE_NUMBER COLON type metadata_block .)


state 129

    (43) internal_relation -> ARROBA EST_REL cardinality relation_symbol . cardinality CLASS_NAME
    (67) cardinality -> . LBRACKET NUMBER DOT DOT ASTERISCO RBRACKET
    (68) cardinality -> . LBRACKET NUMBER RBRACKET
    (69) cardinality -> . LBRACKET NUMBER DOT DOT NUMBER RBRACKET
    (70) cardinality -> . LBRACKET ASTERISCO RBRACKET

    LBRACKET        shift and go to state 26

    cardinality                    shift and go to state 146

state 130

    (44) internal_relation -> EST_REL cardinality relation_symbol cardinality . CLASS_NAME

    CLASS_NAME      shift and go to state 147


state 131

    (66) relation_declaration -> CLASS_NAME cardinality relation_symbol RELATION_NAME relation_symbol cardinality CLASS_NAME .

    EST_CLASS       reduce using rule 66 (relation_declaration -> CLASS_NAME cardinality relation_symbol RELATION_NAME relation_symbol cardinality CLASS_NAME .)
    DATATYPE        reduce using rule 66 (relation_declaration -> CLASS_NAME cardinality relation_symbol RELATION_NAME relation_symbol cardinality CLASS_NAME .)
    ENUM            reduce using rule 66 (relation_declaration -> CLASS_NAME cardinality relation_symbol RELATION_NAME relation_symbol cardinality CLASS_NAME .)
    GENSET          reduce using rule 66 (relation_declaration -> CLASS_NAME cardinality relation_symbol RELATION_NAME relation_symbol cardinality CLASS_NAME .)
    ARROBA          reduce using rule 66 (relation_declaration -> CLASS_NAME cardinality relation_symbol RELATION_NAME relation_symbol cardinality CLASS_NAME .)
    RELATION        reduce using rule 66 (relation_declaration -> CLASS_NAME cardinality relation_symbol RELATION_NAME relation_symbol cardinality CLASS_NAME .)
    CLASS_NAME      reduce using rule 66 (relation_declaration -> CLASS_NAME cardinality relation_symbol RELATION_NAME relation_symbol cardinality CLASS_NAME .)
    DISJOINT        reduce using rule 66 (relation_declaration -> CLASS_NAME cardinality relation_symbol RELATION_NAME relation_symbol cardinality CLASS_NAME .)
    COMPLETE        reduce using rule 66 (relation_declaration -> CLASS_NAME cardinality relation_symbol RELATION_NAME relation_symbol cardinality CLASS_NAME .)
    $end            reduce using rule 66 (relation_declaration -> CLASS_NAME cardinality relation_symbol RELATION_NAME relation_symbol cardinality CLASS_NAME .)


state 132

    (69) cardinality -> LBRACKET NUMBER DOT DOT NUMBER RBRACKET .

    HYPHEN          reduce using rule 69 (cardinality -> LBRACKET NUMBER DOT DOT NUMBER RBRACKET .)
    CONTEM          reduce using rule 69 (cardinality -> LBRACKET NUMBER DOT DOT NUMBER RBRACKET .)
    CONTIDO         reduce using rule 69 (cardinality -> LBRACKET NUMBER DOT DOT NUMBER RBRACKET .)
    CLASS_NAME      reduce using rule 69 (cardinality -> LBRACKET NUMBER DOT DOT NUMBER RBRACKET .)


state 133

    (67) cardinality -> LBRACKET NUMBER DOT DOT ASTERISCO RBRACKET .

    HYPHEN          reduce using rule 67 (cardinality -> LBRACKET NUMBER DOT DOT ASTERISCO RBRACKET .)
    CONTEM          reduce using rule 67 (cardinality -> LBRACKET NUMBER DOT DOT ASTERISCO RBRACKET .)
    CONTIDO         reduce using rule 67 (cardinality -> LBRACKET NUMBER DOT DOT ASTERISCO RBRACKET .)
    CLASS_NAME      reduce using rule 67 (cardinality -> LBRACKET NUMBER DOT DOT ASTERISCO RBRACKET .)


state 134

    (53) genset_declaration -> modifiers GENSET CLASS_NAME WHERE class_list SPECIALIZES CLASS_NAME .

    EST_CLASS       reduce using rule 53 (genset_declaration -> modifiers GENSET CLASS_NAME WHERE class_list SPECIALIZES CLASS_NAME .)
    DATATYPE        reduce using rule 53 (genset_declaration -> modifiers GENSET CLASS_NAME WHERE class_list SPECIALIZES CLASS_NAME .)
    ENUM            reduce using rule 53 (genset_declaration -> modifiers GENSET CLASS_NAME WHERE class_list SPECIALIZES CLASS_NAME .)
    GENSET          reduce using rule 53 (genset_declaration -> modifiers GENSET CLASS_NAME WHERE class_list SPECIALIZES CLASS_NAME .)
    ARROBA          reduce using rule 53 (genset_declaration -> modifiers GENSET CLASS_NAME WHERE class_list SPECIALIZES CLASS_NAME .)
    RELATION        reduce using rule 53 (genset_declaration -> modifiers GENSET CLASS_NAME WHERE class_list SPECIALIZES CLASS_NAME .)
    CLASS_NAME      reduce using rule 53 (genset_declaration -> modifiers GENSET CLASS_NAME WHERE class_list SPECIALIZES CLASS_NAME .)
    DISJOINT        reduce using rule 53 (genset_declaration -> modifiers GENSET CLASS_NAME WHERE class_list SPECIALIZES CLASS_NAME .)
    COMPLETE        reduce using rule 53 (genset_declaration -> modifiers GENSET CLASS_NAME WHERE class_list SPECIALIZES CLASS_NAME .)
    $end            reduce using rule 53 (genset_declaration -> modifiers GENSET CLASS_NAME WHERE class_list SPECIALIZES CLASS_NAME .)


state 135

    (56) genset_declaration -> modifiers GENSET CLASS_NAME LBRACE GENERAL CLASS_NAME SPECIFICS . class_list RBRACE
    (61) class_list -> . CLASS_NAME
    (62) class_list -> . class_list COMMA CLASS_NAME

    CLASS_NAME      shift and go to state 74

    class_list                     shift and go to state 148

state 136

    (55) genset_declaration -> GENSET CLASS_NAME LBRACE GENERAL CLASS_NAME SPECIFICS class_list . RBRACE
    (62) class_list -> class_list . COMMA CLASS_NAME

    RBRACE          shift and go to state 149
    COMMA           shift and go to state 95


state 137

    (63) relation_declaration -> ARROBA EST_REL RELATION CLASS_NAME cardinality relation_symbol cardinality . CLASS_NAME

    CLASS_NAME      shift and go to state 150


state 138

    (65) relation_declaration -> RELATION CLASS_NAME cardinality relation_symbol RELATION_NAME relation_symbol cardinality . CLASS_NAME

    CLASS_NAME      shift and go to state 151


state 139

    (35) metadata_block -> LBRACE metadata_list . RBRACE
    (37) metadata_list -> metadata_list . metadata_item
    (38) metadata_item -> . META_CONST
    (39) metadata_item -> . META_ORDERED
    (40) metadata_item -> . META_DERIVED
    (41) metadata_item -> . META_SUBSETS
    (42) metadata_item -> . META_REDEFINES

    RBRACE          shift and go to state 152
    META_CONST      shift and go to state 141
    META_ORDERED    shift and go to state 142
    META_DERIVED    shift and go to state 143
    META_SUBSETS    shift and go to state 144
    META_REDEFINES  shift and go to state 145

    metadata_item                  shift and go to state 153

state 140

    (36) metadata_list -> metadata_item .

    RBRACE          reduce using rule 36 (metadata_list -> metadata_item .)
    META_CONST      reduce using rule 36 (metadata_list -> metadata_item .)
    META_ORDERED    reduce using rule 36 (metadata_list -> metadata_item .)
    META_DERIVED    reduce using rule 36 (metadata_list -> metadata_item .)
    META_SUBSETS    reduce using rule 36 (metadata_list -> metadata_item .)
    META_REDEFINES  reduce using rule 36 (metadata_list -> metadata_item .)


state 141

    (38) metadata_item -> META_CONST .

    RBRACE          reduce using rule 38 (metadata_item -> META_CONST .)
    META_CONST      reduce using rule 38 (metadata_item -> META_CONST .)
    META_ORDERED    reduce using rule 38 (metadata_item -> META_CONST .)
    META_DERIVED    reduce using rule 38 (metadata_item -> META_CONST .)
    META_SUBSETS    reduce using rule 38 (metadata_item -> META_CONST .)
    META_REDEFINES  reduce using rule 38 (metadata_item -> META_CONST .)


state 142

    (39) metadata_item -> META_ORDERED .

    RBRACE          reduce using rule 39 (metadata_item -> META_ORDERED .)
    META_CONST      reduce using rule 39 (metadata_item -> META_ORDERED .)
    META_ORDERED    reduce using rule 39 (metadata_item -> META_ORDERED .)
    META_DERIVED    reduce using rule 39 (metadata_item -> META_ORDERED .)
    META_SUBSETS    reduce using rule 39 (metadata_item -> META_ORDERED .)
    META_REDEFINES  reduce using rule 39 (metadata_item -> META_ORDERED .)


state 143

    (40) metadata_item -> META_DERIVED .

    RBRACE          reduce using rule 40 (metadata_item -> META_DERIVED .)
    META_CONST      reduce using rule 40 (metadata_item -> META_DERIVED .)
    META_ORDERED    reduce using rule 40 (metadata_item -> META_DERIVED .)
    META_DERIVED    reduce using rule 40 (metadata_item -> META_DERIVED .)
    META_SUBSETS    reduce using rule 40 (metadata_item -> META_DERIVED .)
    META_REDEFINES  reduce using rule 40 (metadata_item -> META_DERIVED .)


state 144

    (41) metadata_item -> META_SUBSETS .

    RBRACE          reduce using rule 41 (metadata_item -> META_SUBSETS .)
    META_CONST      reduce using rule 41 (metadata_item -> META_SUBSETS .)
    META_ORDERED    reduce using rule 41 (metadata_item -> META_SUBSETS .)
    META_DERIVED    reduce using rule 41 (metadata_item -> META_SUBSETS .)
    META_SUBSETS    reduce using rule 41 (metadata_item -> META_SUBSETS .)
    META_REDEFINES  reduce using rule 41 (metadata_item -> META_SUBSETS .)


state 145

    (42) metadata_item -> META_REDEFINES .

    RBRACE          reduce using rule 42 (metadata_item -> META_REDEFINES .)
    META_CONST      reduce using rule 42 (metadata_item -> META_REDEFINES .)
    META_ORDERED    reduce using rule 42 (metadata_item -> META_REDEFINES .)
    META_DERIVED    reduce using rule 42 (metadata_item -> META_REDEFINES .)
    META_SUBSETS    reduce using rule 42 (metadata_item -> META_REDEFINES .)
    META_REDEFINES  reduce using rule 42 (metadata_item -> META_REDEFINES .)


state 146

    (43) internal_relation -> ARROBA EST_REL cardinality relation_symbol cardinality . CLASS_NAME

    CLASS_NAME      shift and go to state 154


state 147

    (44) internal_relation -> EST_REL cardinality relation_symbol cardinality CLASS_NAME .

    RBRACE          reduce using rule 44 (internal_relation -> EST_REL cardinality relation_symbol cardinality CLASS_NAME .)
    RELATION_NAME   reduce using rule 44 (internal_relation -> EST_REL cardinality relation_symbol cardinality CLASS_NAME .)
    ID              reduce using rule 44 (internal_relation -> EST_REL cardinality relation_symbol cardinality CLASS_NAME .)
    NATIVE_NUMBER   reduce using rule 44 (internal_relation -> EST_REL cardinality relation_symbol cardinality CLASS_NAME .)
    ARROBA          reduce using rule 44 (internal_relation -> EST_REL cardinality relation_symbol cardinality CLASS_NAME .)
    EST_REL         reduce using rule 44 (internal_relation -> EST_REL cardinality relation_symbol cardinality CLASS_NAME .)


state 148

    (56) genset_declaration -> modifiers GENSET CLASS_NAME LBRACE GENERAL CLASS_NAME SPECIFICS class_list . RBRACE
    (62) class_list -> class_list . COMMA CLASS_NAME

    RBRACE          shift and go to state 155
    COMMA           shift and go to state 95


state 149

    (55) genset_declaration -> GENSET CLASS_NAME LBRACE GENERAL CLASS_NAME SPECIFICS class_list RBRACE .

    EST_CLASS       reduce using rule 55 (genset_declaration -> GENSET CLASS_NAME LBRACE GENERAL CLASS_NAME SPECIFICS class_list RBRACE .)
    DATATYPE        reduce using rule 55 (genset_declaration -> GENSET CLASS_NAME LBRACE GENERAL CLASS_NAME SPECIFICS class_list RBRACE .)
    ENUM            reduce using rule 55 (genset_declaration -> GENSET CLASS_NAME LBRACE GENERAL CLASS_NAME SPECIFICS class_list RBRACE .)
    GENSET          reduce using rule 55 (genset_declaration -> GENSET CLASS_NAME LBRACE GENERAL CLASS_NAME SPECIFICS class_list RBRACE .)
    ARROBA          reduce using rule 55 (genset_declaration -> GENSET CLASS_NAME LBRACE GENERAL CLASS_NAME SPECIFICS class_list RBRACE .)
    RELATION        reduce using rule 55 (genset_declaration -> GENSET CLASS_NAME LBRACE GENERAL CLASS_NAME SPECIFICS class_list RBRACE .)
    CLASS_NAME      reduce using rule 55 (genset_declaration -> GENSET CLASS_NAME LBRACE GENERAL CLASS_NAME SPECIFICS class_list RBRACE .)
    DISJOINT        reduce using rule 55 (genset_declaration -> GENSET CLASS_NAME LBRACE GENERAL CLASS_NAME SPECIFICS class_list RBRACE .)
    COMPLETE        reduce using rule 55 (genset_declaration -> GENSET CLASS_NAME LBRACE GENERAL CLASS_NAME SPECIFICS class_list RBRACE .)
    $end            reduce using rule 55 (genset_declaration -> GENSET CLASS_NAME LBRACE GENERAL CLASS_NAME SPECIFICS class_list RBRACE .)


state 150

    (63) relation_declaration -> ARROBA EST_REL RELATION CLASS_NAME cardinality relation_symbol cardinality CLASS_NAME .

    EST_CLASS       reduce using rule 63 (relation_declaration -> ARROBA EST_REL RELATION CLASS_NAME cardinality relation_symbol cardinality CLASS_NAME .)
    DATATYPE        reduce using rule 63 (relation_declaration -> ARROBA EST_REL RELATION CLASS_NAME cardinality relation_symbol cardinality CLASS_NAME .)
    ENUM            reduce using rule 63 (relation_declaration -> ARROBA EST_REL RELATION CLASS_NAME cardinality relation_symbol cardinality CLASS_NAME .)
    GENSET          reduce using rule 63 (relation_declaration -> ARROBA EST_REL RELATION CLASS_NAME cardinality relation_symbol cardinality CLASS_NAME .)
    ARROBA          reduce using rule 63 (relation_declaration -> ARROBA EST_REL RELATION CLASS_NAME cardinality relation_symbol cardinality CLASS_NAME .)
    RELATION        reduce using rule 63 (relation_declaration -> ARROBA EST_REL RELATION CLASS_NAME cardinality relation_symbol cardinality CLASS_NAME .)
    CLASS_NAME      reduce using rule 63 (relation_declaration -> ARROBA EST_REL RELATION CLASS_NAME cardinality relation_symbol cardinality CLASS_NAME .)
    DISJOINT        reduce using rule 63 (relation_declaration -> ARROBA EST_REL RELATION CLASS_NAME cardinality relation_symbol cardinality CLASS_NAME .)
    COMPLETE        reduce using rule 63 (relation_declaration -> ARROBA EST_REL RELATION CLASS_NAME cardinality relation_symbol cardinality CLASS_NAME .)
    $end            reduce using rule 63 (relation_declaration -> ARROBA EST_REL RELATION CLASS_NAME cardinality relation_symbol cardinality CLASS_NAME .)


state 151

    (65) relation_declaration -> RELATION CLASS_NAME cardinality relation_symbol RELATION_NAME relation_symbol cardinality CLASS_NAME .

    EST_CLASS       reduce using rule 65 (relation_declaration -> RELATION CLASS_NAME cardinality relation_symbol RELATION_NAME relation_symbol cardinality CLASS_NAME .)
    DATATYPE        reduce using rule 65 (relation_declaration -> RELATION CLASS_NAME cardinality relation_symbol RELATION_NAME relation_symbol cardinality CLASS_NAME .)
    ENUM            reduce using rule 65 (relation_declaration -> RELATION CLASS_NAME cardinality relation_symbol RELATION_NAME relation_symbol cardinality CLASS_NAME .)
    GENSET          reduce using rule 65 (relation_declaration -> RELATION CLASS_NAME cardinality relation_symbol RELATION_NAME relation_symbol cardinality CLASS_NAME .)
    ARROBA          reduce using rule 65 (relation_declaration -> RELATION CLASS_NAME cardinality relation_symbol RELATION_NAME relation_symbol cardinality CLASS_NAME .)
    RELATION        reduce using rule 65 (relation_declaration -> RELATION CLASS_NAME cardinality relation_symbol RELATION_NAME relation_symbol cardinality CLASS_NAME .)
    CLASS_NAME      reduce using rule 65 (relation_declaration -> RELATION CLASS_NAME cardinality relation_symbol RELATION_NAME relation_symbol cardinality CLASS_NAME .)
    DISJOINT        reduce using rule 65 (relation_declaration -> RELATION CLASS_NAME cardinality relation_symbol RELATION_NAME relation_symbol cardinality CLASS_NAME .)
    COMPLETE        reduce using rule 65 (relation_declaration -> RELATION CLASS_NAME cardinality relation_symbol RELATION_NAME relation_symbol cardinality CLASS_NAME .)
    $end            reduce using rule 65 (relation_declaration -> RELATION CLASS_NAME cardinality relation_symbol RELATION_NAME relation_symbol cardinality CLASS_NAME .)


state 152

    (35) metadata_block -> LBRACE metadata_list RBRACE .

    RBRACE          reduce using rule 35 (metadata_block -> LBRACE metadata_list RBRACE .)
    RELATION_NAME   reduce using rule 35 (metadata_block -> LBRACE metadata_list RBRACE .)
    ID              reduce using rule 35 (metadata_block -> LBRACE metadata_list RBRACE .)
    NATIVE_NUMBER   reduce using rule 35 (metadata_block -> LBRACE metadata_list RBRACE .)
    ARROBA          reduce using rule 35 (metadata_block -> LBRACE metadata_list RBRACE .)
    EST_REL         reduce using rule 35 (metadata_block -> LBRACE metadata_list RBRACE .)


state 153

    (37) metadata_list -> metadata_list metadata_item .

    RBRACE          reduce using rule 37 (metadata_list -> metadata_list metadata_item .)
    META_CONST      reduce using rule 37 (metadata_list -> metadata_list metadata_item .)
    META_ORDERED    reduce using rule 37 (metadata_list -> metadata_list metadata_item .)
    META_DERIVED    reduce using rule 37 (metadata_list -> metadata_list metadata_item .)
    META_SUBSETS    reduce using rule 37 (metadata_list -> metadata_list metadata_item .)
    META_REDEFINES  reduce using rule 37 (metadata_list -> metadata_list metadata_item .)


state 154

    (43) internal_relation -> ARROBA EST_REL cardinality relation_symbol cardinality CLASS_NAME .

    RBRACE          reduce using rule 43 (internal_relation -> ARROBA EST_REL cardinality relation_symbol cardinality CLASS_NAME .)
    RELATION_NAME   reduce using rule 43 (internal_relation -> ARROBA EST_REL cardinality relation_symbol cardinality CLASS_NAME .)
    ID              reduce using rule 43 (internal_relation -> ARROBA EST_REL cardinality relation_symbol cardinality CLASS_NAME .)
    NATIVE_NUMBER   reduce using rule 43 (internal_relation -> ARROBA EST_REL cardinality relation_symbol cardinality CLASS_NAME .)
    ARROBA          reduce using rule 43 (internal_relation -> ARROBA EST_REL cardinality relation_symbol cardinality CLASS_NAME .)
    EST_REL         reduce using rule 43 (internal_relation -> ARROBA EST_REL cardinality relation_symbol cardinality CLASS_NAME .)


state 155

    (56) genset_declaration -> modifiers GENSET CLASS_NAME LBRACE GENERAL CLASS_NAME SPECIFICS class_list RBRACE .

    EST_CLASS       reduce using rule 56 (genset_declaration -> modifiers GENSET CLASS_NAME LBRACE GENERAL CLASS_NAME SPECIFICS class_list RBRACE .)
    DATATYPE        reduce using rule 56 (genset_declaration -> modifiers GENSET CLASS_NAME LBRACE GENERAL CLASS_NAME SPECIFICS class_list RBRACE .)
    ENUM            reduce using rule 56 (genset_declaration -> modifiers GENSET CLASS_NAME LBRACE GENERAL CLASS_NAME SPECIFICS class_list RBRACE .)
    GENSET          reduce using rule 56 (genset_declaration -> modifiers GENSET CLASS_NAME LBRACE GENERAL CLASS_NAME SPECIFICS class_list RBRACE .)
    ARROBA          reduce using rule 56 (genset_declaration -> modifiers GENSET CLASS_NAME LBRACE GENERAL CLASS_NAME SPECIFICS class_list RBRACE .)
    RELATION        reduce using rule 56 (genset_declaration -> modifiers GENSET CLASS_NAME LBRACE GENERAL CLASS_NAME SPECIFICS class_list RBRACE .)
    CLASS_NAME      reduce using rule 56 (genset_declaration -> modifiers GENSET CLASS_NAME LBRACE GENERAL CLASS_NAME SPECIFICS class_list RBRACE .)
    DISJOINT        reduce using rule 56 (genset_declaration -> modifiers GENSET CLASS_NAME LBRACE GENERAL CLASS_NAME SPECIFICS class_list RBRACE .)
    COMPLETE        reduce using rule 56 (genset_declaration -> modifiers GENSET CLASS_NAME LBRACE GENERAL CLASS_NAME SPECIFICS class_list RBRACE .)
    $end            reduce using rule 56 (genset_declaration -> modifiers GENSET CLASS_NAME LBRACE GENERAL CLASS_NAME SPECIFICS class_list RBRACE .)

